[2.521s] Invoking command in '/home/uiabot/ros2_ws/src/robin_SAS': DEBUGINFOD_URLS=https://debuginfod.ubuntu.com PYTHONPATH=/home/uiabot/ros2_ws/build/robin_SAS/prefix_override:/usr/lib/python3/dist-packages/colcon_core/task/python/colcon_distutils_commands:/home/uiabot/ros2_ws/install/robin_SAS/lib/python3.12/site-packages:${PYTHONPATH} /usr/bin/python3 -W ignore:setup.py install is deprecated setup.py egg_info --egg-base ../../build/robin_SAS build --build-base /home/uiabot/ros2_ws/build/robin_SAS/build install --record /home/uiabot/ros2_ws/build/robin_SAS/install.log --single-version-externally-managed install_data
[2.894s] running egg_info
[2.919s] writing ../../build/robin_SAS/robin_SAS.egg-info/PKG-INFO
[2.921s] writing dependency_links to ../../build/robin_SAS/robin_SAS.egg-info/dependency_links.txt
[2.921s] writing entry points to ../../build/robin_SAS/robin_SAS.egg-info/entry_points.txt
[2.921s] writing requirements to ../../build/robin_SAS/robin_SAS.egg-info/requires.txt
[2.921s] writing top-level names to ../../build/robin_SAS/robin_SAS.egg-info/top_level.txt
[2.974s] reading manifest file '../../build/robin_SAS/robin_SAS.egg-info/SOURCES.txt'
[2.976s] writing manifest file '../../build/robin_SAS/robin_SAS.egg-info/SOURCES.txt'
[2.976s] running build
[2.976s] running build_py
[2.979s] running install
[2.989s] running install_lib
[3.016s] running install_data
[3.016s] running install_egg_info
[3.044s] removing '/home/uiabot/ros2_ws/install/robin_SAS/lib/python3.12/site-packages/robin_SAS-0.0.0-py3.12.egg-info' (and everything under it)
[3.045s] Copying ../../build/robin_SAS/robin_SAS.egg-info to /home/uiabot/ros2_ws/install/robin_SAS/lib/python3.12/site-packages/robin_SAS-0.0.0-py3.12.egg-info
[3.046s] running install_scripts
[3.227s] Installing joint_state_publisher script to /home/uiabot/ros2_ws/install/robin_SAS/lib/robin_SAS
[3.227s] Installing teleop_to_serial script to /home/uiabot/ros2_ws/install/robin_SAS/lib/robin_SAS
[3.229s] writing list of installed files to '/home/uiabot/ros2_ws/build/robin_SAS/install.log'
[3.342s] Invoked command in '/home/uiabot/ros2_ws/src/robin_SAS' returned '0': DEBUGINFOD_URLS=https://debuginfod.ubuntu.com PYTHONPATH=/home/uiabot/ros2_ws/build/robin_SAS/prefix_override:/usr/lib/python3/dist-packages/colcon_core/task/python/colcon_distutils_commands:/home/uiabot/ros2_ws/install/robin_SAS/lib/python3.12/site-packages:${PYTHONPATH} /usr/bin/python3 -W ignore:setup.py install is deprecated setup.py egg_info --egg-base ../../build/robin_SAS build --build-base /home/uiabot/ros2_ws/build/robin_SAS/build install --record /home/uiabot/ros2_ws/build/robin_SAS/install.log --single-version-externally-managed install_data
