[0.660s] Invoking command in '/home/uiabot/ros2_ws/build/rplidar_ros': CMAKE_PREFIX_PATH=/home/uiabot/ros2_ws/install/robin_SAS:/home/uiabot/ros2_ws/install/bno055:/opt/ros/jazzy:${CMAKE_PREFIX_PATH} DEBUGINFOD_URLS=https://debuginfod.ubuntu.com /usr/bin/cmake --build /home/uiabot/ros2_ws/build/rplidar_ros -- -j4 -l4
[1.116s] [  5%] Built target rplidar_client
[1.124s] [100%] Built target rplidar_node
[1.124s] [100%] Built target rplidar_composition
[1.145s] Invoked command in '/home/uiabot/ros2_ws/build/rplidar_ros' returned '0': CMAKE_PREFIX_PATH=/home/uiabot/ros2_ws/install/robin_SAS:/home/uiabot/ros2_ws/install/bno055:/opt/ros/jazzy:${CMAKE_PREFIX_PATH} DEBUGINFOD_URLS=https://debuginfod.ubuntu.com /usr/bin/cmake --build /home/uiabot/ros2_ws/build/rplidar_ros -- -j4 -l4
[1.256s] Invoking command in '/home/uiabot/ros2_ws/build/rplidar_ros': CMAKE_PREFIX_PATH=/home/uiabot/ros2_ws/install/robin_SAS:/home/uiabot/ros2_ws/install/bno055:/opt/ros/jazzy:${CMAKE_PREFIX_PATH} DEBUGINFOD_URLS=https://debuginfod.ubuntu.com /usr/bin/cmake --install /home/uiabot/ros2_ws/build/rplidar_ros
[1.272s] -- Install configuration: ""
[1.274s] -- Execute custom install script
[1.280s] -- Up-to-date symlink: /home/uiabot/ros2_ws/install/rplidar_ros/share/rplidar_ros/launch/rplidar_a1_launch.py
[1.280s] -- Up-to-date symlink: /home/uiabot/ros2_ws/install/rplidar_ros/share/rplidar_ros/launch/rplidar_a2m12_launch.py
[1.281s] -- Up-to-date symlink: /home/uiabot/ros2_ws/install/rplidar_ros/share/rplidar_ros/launch/rplidar_a2m7_launch.py
[1.281s] -- Up-to-date symlink: /home/uiabot/ros2_ws/install/rplidar_ros/share/rplidar_ros/launch/rplidar_a2m8_launch.py
[1.282s] -- Up-to-date symlink: /home/uiabot/ros2_ws/install/rplidar_ros/share/rplidar_ros/launch/rplidar_a3_launch.py
[1.283s] -- Up-to-date symlink: /home/uiabot/ros2_ws/install/rplidar_ros/share/rplidar_ros/launch/rplidar_c1_launch.py
[1.283s] -- Up-to-date symlink: /home/uiabot/ros2_ws/install/rplidar_ros/share/rplidar_ros/launch/rplidar_s1_launch.py
[1.284s] -- Up-to-date symlink: /home/uiabot/ros2_ws/install/rplidar_ros/share/rplidar_ros/launch/rplidar_s1_tcp_launch.py
[1.285s] -- Up-to-date symlink: /home/uiabot/ros2_ws/install/rplidar_ros/share/rplidar_ros/launch/rplidar_s2_launch.py
[1.285s] -- Up-to-date symlink: /home/uiabot/ros2_ws/install/rplidar_ros/share/rplidar_ros/launch/rplidar_s2e_launch.py
[1.286s] -- Up-to-date symlink: /home/uiabot/ros2_ws/install/rplidar_ros/share/rplidar_ros/launch/rplidar_s3_launch.py
[1.286s] -- Up-to-date symlink: /home/uiabot/ros2_ws/install/rplidar_ros/share/rplidar_ros/launch/rplidar_t1_launch.py
[1.287s] -- Up-to-date symlink: /home/uiabot/ros2_ws/install/rplidar_ros/share/rplidar_ros/launch/view_rplidar_a1_launch.py
[1.288s] -- Up-to-date symlink: /home/uiabot/ros2_ws/install/rplidar_ros/share/rplidar_ros/launch/view_rplidar_a2m12_launch.py
[1.288s] -- Up-to-date symlink: /home/uiabot/ros2_ws/install/rplidar_ros/share/rplidar_ros/launch/view_rplidar_a2m7_launch.py
[1.289s] -- Up-to-date symlink: /home/uiabot/ros2_ws/install/rplidar_ros/share/rplidar_ros/launch/view_rplidar_a2m8_launch.py
[1.289s] -- Up-to-date symlink: /home/uiabot/ros2_ws/install/rplidar_ros/share/rplidar_ros/launch/view_rplidar_a3_launch.py
[1.290s] -- Up-to-date symlink: /home/uiabot/ros2_ws/install/rplidar_ros/share/rplidar_ros/launch/view_rplidar_c1_launch.py
[1.291s] -- Up-to-date symlink: /home/uiabot/ros2_ws/install/rplidar_ros/share/rplidar_ros/launch/view_rplidar_s1_launch.py
[1.292s] -- Up-to-date symlink: /home/uiabot/ros2_ws/install/rplidar_ros/share/rplidar_ros/launch/view_rplidar_s1_tcp_launch.py
[1.293s] -- Up-to-date symlink: /home/uiabot/ros2_ws/install/rplidar_ros/share/rplidar_ros/launch/view_rplidar_s2_launch.py
[1.293s] -- Up-to-date symlink: /home/uiabot/ros2_ws/install/rplidar_ros/share/rplidar_ros/launch/view_rplidar_s2e_launch.py
[1.294s] -- Up-to-date symlink: /home/uiabot/ros2_ws/install/rplidar_ros/share/rplidar_ros/launch/view_rplidar_s3_launch.py
[1.294s] -- Up-to-date symlink: /home/uiabot/ros2_ws/install/rplidar_ros/share/rplidar_ros/launch/view_rplidar_t1_launch.py
[1.296s] -- Up-to-date symlink: /home/uiabot/ros2_ws/install/rplidar_ros/share/rplidar_ros/rviz/rplidar_ros.rviz
[1.298s] -- Up-to-date symlink: /home/uiabot/ros2_ws/install/rplidar_ros/lib/rplidar_ros/rplidar_node
[1.299s] -- Up-to-date symlink: /home/uiabot/ros2_ws/install/rplidar_ros/lib/rplidar_ros/rplidar_composition
[1.299s] -- Up-to-date symlink: /home/uiabot/ros2_ws/install/rplidar_ros/lib/rplidar_ros/rplidar_client
[1.299s] -- Up-to-date symlink: /home/uiabot/ros2_ws/install/rplidar_ros/share/ament_index/resource_index/package_run_dependencies/rplidar_ros
[1.301s] -- Up-to-date symlink: /home/uiabot/ros2_ws/install/rplidar_ros/share/ament_index/resource_index/parent_prefix_path/rplidar_ros
[1.302s] -- Up-to-date symlink: /home/uiabot/ros2_ws/install/rplidar_ros/share/rplidar_ros/environment/ament_prefix_path.sh
[1.302s] -- Up-to-date symlink: /home/uiabot/ros2_ws/install/rplidar_ros/share/rplidar_ros/environment/ament_prefix_path.dsv
[1.303s] -- Up-to-date symlink: /home/uiabot/ros2_ws/install/rplidar_ros/share/rplidar_ros/environment/path.sh
[1.303s] -- Up-to-date symlink: /home/uiabot/ros2_ws/install/rplidar_ros/share/rplidar_ros/environment/path.dsv
[1.304s] -- Up-to-date symlink: /home/uiabot/ros2_ws/install/rplidar_ros/share/rplidar_ros/local_setup.bash
[1.305s] -- Up-to-date symlink: /home/uiabot/ros2_ws/install/rplidar_ros/share/rplidar_ros/local_setup.sh
[1.306s] -- Up-to-date symlink: /home/uiabot/ros2_ws/install/rplidar_ros/share/rplidar_ros/local_setup.zsh
[1.306s] -- Up-to-date symlink: /home/uiabot/ros2_ws/install/rplidar_ros/share/rplidar_ros/local_setup.dsv
[1.306s] -- Symlinking: /home/uiabot/ros2_ws/install/rplidar_ros/share/rplidar_ros/package.dsv
[1.327s] -- Up-to-date symlink: /home/uiabot/ros2_ws/install/rplidar_ros/share/ament_index/resource_index/packages/rplidar_ros
[1.333s] -- Up-to-date symlink: /home/uiabot/ros2_ws/install/rplidar_ros/share/rplidar_ros/cmake/ament_cmake_export_dependencies-extras.cmake
[1.334s] -- Up-to-date symlink: /home/uiabot/ros2_ws/install/rplidar_ros/share/rplidar_ros/cmake/ament_cmake_export_include_directories-extras.cmake
[1.334s] -- Up-to-date symlink: /home/uiabot/ros2_ws/install/rplidar_ros/share/rplidar_ros/cmake/rplidar_rosConfig.cmake
[1.335s] -- Up-to-date symlink: /home/uiabot/ros2_ws/install/rplidar_ros/share/rplidar_ros/cmake/rplidar_rosConfig-version.cmake
[1.335s] -- Up-to-date symlink: /home/uiabot/ros2_ws/install/rplidar_ros/share/rplidar_ros/package.xml
[1.339s] Invoked command in '/home/uiabot/ros2_ws/build/rplidar_ros' returned '0': CMAKE_PREFIX_PATH=/home/uiabot/ros2_ws/install/robin_SAS:/home/uiabot/ros2_ws/install/bno055:/opt/ros/jazzy:${CMAKE_PREFIX_PATH} DEBUGINFOD_URLS=https://debuginfod.ubuntu.com /usr/bin/cmake --install /home/uiabot/ros2_ws/build/rplidar_ros
