[4.125s] Invoking command in '/home/entho/ros2_ws/MAS514_H24_group3/src/mas515/src/odometry': DEBUGINFOD_URLS=https://debuginfod.ubuntu.com PYTHONPATH=/home/entho/ros2_ws/MAS514_H24_group3/src/mas515/build/odometry/prefix_override:/usr/lib/python3/dist-packages/colcon_core/task/python/colcon_distutils_commands:/home/entho/ros2_ws/MAS514_H24_group3/src/mas515/install/odometry/lib/python3.12/site-packages:${PYTHONPATH} /usr/bin/python3 -W ignore:setup.py install is deprecated setup.py egg_info --egg-base ../../build/odometry build --build-base /home/entho/ros2_ws/MAS514_H24_group3/src/mas515/build/odometry/build install --record /home/entho/ros2_ws/MAS514_H24_group3/src/mas515/build/odometry/install.log --single-version-externally-managed install_data
[4.899s] running egg_info
[4.900s] creating ../../build/odometry/odometry.egg-info
[4.962s] writing ../../build/odometry/odometry.egg-info/PKG-INFO
[4.962s] writing dependency_links to ../../build/odometry/odometry.egg-info/dependency_links.txt
[4.963s] writing entry points to ../../build/odometry/odometry.egg-info/entry_points.txt
[4.963s] writing requirements to ../../build/odometry/odometry.egg-info/requires.txt
[4.972s] writing top-level names to ../../build/odometry/odometry.egg-info/top_level.txt
[4.972s] writing manifest file '../../build/odometry/odometry.egg-info/SOURCES.txt'
[5.042s] reading manifest file '../../build/odometry/odometry.egg-info/SOURCES.txt'
[5.055s] writing manifest file '../../build/odometry/odometry.egg-info/SOURCES.txt'
[5.056s] running build
[5.056s] running build_py
[5.057s] creating /home/entho/ros2_ws/MAS514_H24_group3/src/mas515/build/odometry/build
[5.057s] creating /home/entho/ros2_ws/MAS514_H24_group3/src/mas515/build/odometry/build/lib
[5.057s] creating /home/entho/ros2_ws/MAS514_H24_group3/src/mas515/build/odometry/build/lib/odometry
[5.057s] copying odometry/velocity_publisher.py -> /home/entho/ros2_ws/MAS514_H24_group3/src/mas515/build/odometry/build/lib/odometry
[5.058s] copying odometry/__init__.py -> /home/entho/ros2_ws/MAS514_H24_group3/src/mas515/build/odometry/build/lib/odometry
[5.058s] copying odometry/odometry_publisher.py -> /home/entho/ros2_ws/MAS514_H24_group3/src/mas515/build/odometry/build/lib/odometry
[5.058s] running install
[5.076s] running install_lib
[5.117s] creating /home/entho/ros2_ws/MAS514_H24_group3/src/mas515/install/odometry/lib/python3.12/site-packages/odometry
[5.118s] copying /home/entho/ros2_ws/MAS514_H24_group3/src/mas515/build/odometry/build/lib/odometry/velocity_publisher.py -> /home/entho/ros2_ws/MAS514_H24_group3/src/mas515/install/odometry/lib/python3.12/site-packages/odometry
[5.118s] copying /home/entho/ros2_ws/MAS514_H24_group3/src/mas515/build/odometry/build/lib/odometry/__init__.py -> /home/entho/ros2_ws/MAS514_H24_group3/src/mas515/install/odometry/lib/python3.12/site-packages/odometry
[5.119s] copying /home/entho/ros2_ws/MAS514_H24_group3/src/mas515/build/odometry/build/lib/odometry/odometry_publisher.py -> /home/entho/ros2_ws/MAS514_H24_group3/src/mas515/install/odometry/lib/python3.12/site-packages/odometry
[5.119s] byte-compiling /home/entho/ros2_ws/MAS514_H24_group3/src/mas515/install/odometry/lib/python3.12/site-packages/odometry/velocity_publisher.py to velocity_publisher.cpython-312.pyc
[5.120s] byte-compiling /home/entho/ros2_ws/MAS514_H24_group3/src/mas515/install/odometry/lib/python3.12/site-packages/odometry/__init__.py to __init__.cpython-312.pyc
[5.120s] byte-compiling /home/entho/ros2_ws/MAS514_H24_group3/src/mas515/install/odometry/lib/python3.12/site-packages/odometry/odometry_publisher.py to odometry_publisher.cpython-312.pyc
[5.122s] running install_data
[5.122s] creating /home/entho/ros2_ws/MAS514_H24_group3/src/mas515/install/odometry/share/ament_index
[5.122s] creating /home/entho/ros2_ws/MAS514_H24_group3/src/mas515/install/odometry/share/ament_index/resource_index
[5.123s] creating /home/entho/ros2_ws/MAS514_H24_group3/src/mas515/install/odometry/share/ament_index/resource_index/packages
[5.125s] copying resource/odometry -> /home/entho/ros2_ws/MAS514_H24_group3/src/mas515/install/odometry/share/ament_index/resource_index/packages
[5.125s] copying package.xml -> /home/entho/ros2_ws/MAS514_H24_group3/src/mas515/install/odometry/share/odometry
[5.125s] running install_egg_info
[5.179s] Copying ../../build/odometry/odometry.egg-info to /home/entho/ros2_ws/MAS514_H24_group3/src/mas515/install/odometry/lib/python3.12/site-packages/odometry-0.0.0-py3.12.egg-info
[5.180s] running install_scripts
[5.527s] Installing odometry_publisher script to /home/entho/ros2_ws/MAS514_H24_group3/src/mas515/install/odometry/lib/odometry
[5.527s] writing list of installed files to '/home/entho/ros2_ws/MAS514_H24_group3/src/mas515/build/odometry/install.log'
[5.601s] Invoked command in '/home/entho/ros2_ws/MAS514_H24_group3/src/mas515/src/odometry' returned '0': DEBUGINFOD_URLS=https://debuginfod.ubuntu.com PYTHONPATH=/home/entho/ros2_ws/MAS514_H24_group3/src/mas515/build/odometry/prefix_override:/usr/lib/python3/dist-packages/colcon_core/task/python/colcon_distutils_commands:/home/entho/ros2_ws/MAS514_H24_group3/src/mas515/install/odometry/lib/python3.12/site-packages:${PYTHONPATH} /usr/bin/python3 -W ignore:setup.py install is deprecated setup.py egg_info --egg-base ../../build/odometry build --build-base /home/entho/ros2_ws/MAS514_H24_group3/src/mas515/build/odometry/build install --record /home/entho/ros2_ws/MAS514_H24_group3/src/mas515/build/odometry/install.log --single-version-externally-managed install_data
