[2.553s] Invoking command in '/home/uiabot/ros2_ws/src/bno055': DEBUGINFOD_URLS=https://debuginfod.ubuntu.com PYTHONPATH=/home/uiabot/ros2_ws/build/bno055/prefix_override:/usr/lib/python3/dist-packages/colcon_core/task/python/colcon_distutils_commands:/home/uiabot/ros2_ws/install/bno055/lib/python3.12/site-packages:${PYTHONPATH} /usr/bin/python3 -W ignore:setup.py install is deprecated setup.py egg_info --egg-base ../../build/bno055 build --build-base /home/uiabot/ros2_ws/build/bno055/build install --record /home/uiabot/ros2_ws/build/bno055/install.log --single-version-externally-managed install_data
[2.919s] running egg_info
[2.944s] writing ../../build/bno055/bno055.egg-info/PKG-INFO
[2.946s] writing dependency_links to ../../build/bno055/bno055.egg-info/dependency_links.txt
[2.946s] writing entry points to ../../build/bno055/bno055.egg-info/entry_points.txt
[2.946s] writing requirements to ../../build/bno055/bno055.egg-info/requires.txt
[2.946s] writing top-level names to ../../build/bno055/bno055.egg-info/top_level.txt
[2.999s] reading manifest file '../../build/bno055/bno055.egg-info/SOURCES.txt'
[3.000s] adding license file 'LICENSE'
[3.000s] adding license file 'AUTHORS'
[3.001s] writing manifest file '../../build/bno055/bno055.egg-info/SOURCES.txt'
[3.001s] running build
[3.001s] running build_py
[3.008s] running install
[3.017s] running install_lib
[3.051s] running install_data
[3.053s] running install_egg_info
[3.081s] removing '/home/uiabot/ros2_ws/install/bno055/lib/python3.12/site-packages/bno055-0.5.0-py3.12.egg-info' (and everything under it)
[3.081s] Copying ../../build/bno055/bno055.egg-info to /home/uiabot/ros2_ws/install/bno055/lib/python3.12/site-packages/bno055-0.5.0-py3.12.egg-info
[3.083s] running install_scripts
[3.267s] Installing bno055 script to /home/uiabot/ros2_ws/install/bno055/lib/bno055
[3.272s] writing list of installed files to '/home/uiabot/ros2_ws/build/bno055/install.log'
[3.401s] Invoked command in '/home/uiabot/ros2_ws/src/bno055' returned '0': DEBUGINFOD_URLS=https://debuginfod.ubuntu.com PYTHONPATH=/home/uiabot/ros2_ws/build/bno055/prefix_override:/usr/lib/python3/dist-packages/colcon_core/task/python/colcon_distutils_commands:/home/uiabot/ros2_ws/install/bno055/lib/python3.12/site-packages:${PYTHONPATH} /usr/bin/python3 -W ignore:setup.py install is deprecated setup.py egg_info --egg-base ../../build/bno055 build --build-base /home/uiabot/ros2_ws/build/bno055/build install --record /home/uiabot/ros2_ws/build/bno055/install.log --single-version-externally-managed install_data
