[2.517s] Invoking command in '/home/uiabot/ros2_ws/src/bno055': DEBUGINFOD_URLS=https://debuginfod.ubuntu.com PYTHONPATH=/home/uiabot/ros2_ws/build/bno055/prefix_override:/usr/lib/python3/dist-packages/colcon_core/task/python/colcon_distutils_commands:/home/uiabot/ros2_ws/install/bno055/lib/python3.12/site-packages:${PYTHONPATH} /usr/bin/python3 -W ignore:setup.py install is deprecated setup.py egg_info --egg-base ../../build/bno055 build --build-base /home/uiabot/ros2_ws/build/bno055/build install --record /home/uiabot/ros2_ws/build/bno055/install.log --single-version-externally-managed install_data
[2.889s] running egg_info
[2.914s] writing ../../build/bno055/bno055.egg-info/PKG-INFO
[2.915s] writing dependency_links to ../../build/bno055/bno055.egg-info/dependency_links.txt
[2.915s] writing entry points to ../../build/bno055/bno055.egg-info/entry_points.txt
[2.915s] writing requirements to ../../build/bno055/bno055.egg-info/requires.txt
[2.915s] writing top-level names to ../../build/bno055/bno055.egg-info/top_level.txt
[2.968s] reading manifest file '../../build/bno055/bno055.egg-info/SOURCES.txt'
[2.969s] adding license file 'LICENSE'
[2.969s] adding license file 'AUTHORS'
[2.970s] writing manifest file '../../build/bno055/bno055.egg-info/SOURCES.txt'
[2.970s] running build
[2.970s] running build_py
[2.976s] running install
[2.985s] running install_lib
[3.017s] running install_data
[3.019s] running install_egg_info
[3.047s] removing '/home/uiabot/ros2_ws/install/bno055/lib/python3.12/site-packages/bno055-0.5.0-py3.12.egg-info' (and everything under it)
[3.047s] Copying ../../build/bno055/bno055.egg-info to /home/uiabot/ros2_ws/install/bno055/lib/python3.12/site-packages/bno055-0.5.0-py3.12.egg-info
[3.049s] running install_scripts
[3.231s] Installing bno055 script to /home/uiabot/ros2_ws/install/bno055/lib/bno055
[3.235s] writing list of installed files to '/home/uiabot/ros2_ws/build/bno055/install.log'
[3.364s] Invoked command in '/home/uiabot/ros2_ws/src/bno055' returned '0': DEBUGINFOD_URLS=https://debuginfod.ubuntu.com PYTHONPATH=/home/uiabot/ros2_ws/build/bno055/prefix_override:/usr/lib/python3/dist-packages/colcon_core/task/python/colcon_distutils_commands:/home/uiabot/ros2_ws/install/bno055/lib/python3.12/site-packages:${PYTHONPATH} /usr/bin/python3 -W ignore:setup.py install is deprecated setup.py egg_info --egg-base ../../build/bno055 build --build-base /home/uiabot/ros2_ws/build/bno055/build install --record /home/uiabot/ros2_ws/build/bno055/install.log --single-version-externally-managed install_data
