[0.706s] Invoking command in '/home/uiabot/ros2_ws/build/rplidar_ros': CMAKE_PREFIX_PATH=/home/uiabot/ros2_ws/install/robin_SAS:/home/uiabot/ros2_ws/install/bno055:/opt/ros/jazzy:${CMAKE_PREFIX_PATH} DEBUGINFOD_URLS=https://debuginfod.ubuntu.com /usr/bin/cmake --build /home/uiabot/ros2_ws/build/rplidar_ros -- -j4 -l4
[1.220s] [  5%] Built target rplidar_client
[1.228s] [100%] Built target rplidar_composition
[1.228s] [100%] Built target rplidar_node
[1.249s] Invoked command in '/home/uiabot/ros2_ws/build/rplidar_ros' returned '0': CMAKE_PREFIX_PATH=/home/uiabot/ros2_ws/install/robin_SAS:/home/uiabot/ros2_ws/install/bno055:/opt/ros/jazzy:${CMAKE_PREFIX_PATH} DEBUGINFOD_URLS=https://debuginfod.ubuntu.com /usr/bin/cmake --build /home/uiabot/ros2_ws/build/rplidar_ros -- -j4 -l4
[1.361s] Invoking command in '/home/uiabot/ros2_ws/build/rplidar_ros': CMAKE_PREFIX_PATH=/home/uiabot/ros2_ws/install/robin_SAS:/home/uiabot/ros2_ws/install/bno055:/opt/ros/jazzy:${CMAKE_PREFIX_PATH} DEBUGINFOD_URLS=https://debuginfod.ubuntu.com /usr/bin/cmake --install /home/uiabot/ros2_ws/build/rplidar_ros
[1.377s] -- Install configuration: ""
[1.379s] -- Execute custom install script
[1.385s] -- Up-to-date symlink: /home/uiabot/ros2_ws/install/rplidar_ros/share/rplidar_ros/launch/rplidar_a1_launch.py
[1.386s] -- Up-to-date symlink: /home/uiabot/ros2_ws/install/rplidar_ros/share/rplidar_ros/launch/rplidar_a2m12_launch.py
[1.386s] -- Up-to-date symlink: /home/uiabot/ros2_ws/install/rplidar_ros/share/rplidar_ros/launch/rplidar_a2m7_launch.py
[1.389s] -- Up-to-date symlink: /home/uiabot/ros2_ws/install/rplidar_ros/share/rplidar_ros/launch/rplidar_a2m8_launch.py
[1.390s] -- Up-to-date symlink: /home/uiabot/ros2_ws/install/rplidar_ros/share/rplidar_ros/launch/rplidar_a3_launch.py
[1.390s] -- Up-to-date symlink: /home/uiabot/ros2_ws/install/rplidar_ros/share/rplidar_ros/launch/rplidar_c1_launch.py
[1.391s] -- Up-to-date symlink: /home/uiabot/ros2_ws/install/rplidar_ros/share/rplidar_ros/launch/rplidar_s1_launch.py
[1.392s] -- Up-to-date symlink: /home/uiabot/ros2_ws/install/rplidar_ros/share/rplidar_ros/launch/rplidar_s1_tcp_launch.py
[1.392s] -- Up-to-date symlink: /home/uiabot/ros2_ws/install/rplidar_ros/share/rplidar_ros/launch/rplidar_s2_launch.py
[1.393s] -- Up-to-date symlink: /home/uiabot/ros2_ws/install/rplidar_ros/share/rplidar_ros/launch/rplidar_s2e_launch.py
[1.394s] -- Up-to-date symlink: /home/uiabot/ros2_ws/install/rplidar_ros/share/rplidar_ros/launch/rplidar_s3_launch.py
[1.395s] -- Up-to-date symlink: /home/uiabot/ros2_ws/install/rplidar_ros/share/rplidar_ros/launch/rplidar_t1_launch.py
[1.397s] -- Up-to-date symlink: /home/uiabot/ros2_ws/install/rplidar_ros/share/rplidar_ros/launch/view_rplidar_a1_launch.py
[1.398s] -- Up-to-date symlink: /home/uiabot/ros2_ws/install/rplidar_ros/share/rplidar_ros/launch/view_rplidar_a2m12_launch.py
[1.398s] -- Up-to-date symlink: /home/uiabot/ros2_ws/install/rplidar_ros/share/rplidar_ros/launch/view_rplidar_a2m7_launch.py
[1.399s] -- Up-to-date symlink: /home/uiabot/ros2_ws/install/rplidar_ros/share/rplidar_ros/launch/view_rplidar_a2m8_launch.py
[1.400s] -- Up-to-date symlink: /home/uiabot/ros2_ws/install/rplidar_ros/share/rplidar_ros/launch/view_rplidar_a3_launch.py
[1.400s] -- Up-to-date symlink: /home/uiabot/ros2_ws/install/rplidar_ros/share/rplidar_ros/launch/view_rplidar_c1_launch.py
[1.402s] -- Up-to-date symlink: /home/uiabot/ros2_ws/install/rplidar_ros/share/rplidar_ros/launch/view_rplidar_s1_launch.py
[1.402s] -- Up-to-date symlink: /home/uiabot/ros2_ws/install/rplidar_ros/share/rplidar_ros/launch/view_rplidar_s1_tcp_launch.py
[1.403s] -- Up-to-date symlink: /home/uiabot/ros2_ws/install/rplidar_ros/share/rplidar_ros/launch/view_rplidar_s2_launch.py
[1.403s] -- Up-to-date symlink: /home/uiabot/ros2_ws/install/rplidar_ros/share/rplidar_ros/launch/view_rplidar_s2e_launch.py
[1.404s] -- Up-to-date symlink: /home/uiabot/ros2_ws/install/rplidar_ros/share/rplidar_ros/launch/view_rplidar_s3_launch.py
[1.404s] -- Up-to-date symlink: /home/uiabot/ros2_ws/install/rplidar_ros/share/rplidar_ros/launch/view_rplidar_t1_launch.py
[1.406s] -- Up-to-date symlink: /home/uiabot/ros2_ws/install/rplidar_ros/share/rplidar_ros/rviz/rplidar_ros.rviz
[1.408s] -- Up-to-date symlink: /home/uiabot/ros2_ws/install/rplidar_ros/lib/rplidar_ros/rplidar_node
[1.408s] -- Up-to-date symlink: /home/uiabot/ros2_ws/install/rplidar_ros/lib/rplidar_ros/rplidar_composition
[1.409s] -- Up-to-date symlink: /home/uiabot/ros2_ws/install/rplidar_ros/lib/rplidar_ros/rplidar_client
[1.409s] -- Up-to-date symlink: /home/uiabot/ros2_ws/install/rplidar_ros/share/ament_index/resource_index/package_run_dependencies/rplidar_ros
[1.410s] -- Up-to-date symlink: /home/uiabot/ros2_ws/install/rplidar_ros/share/ament_index/resource_index/parent_prefix_path/rplidar_ros
[1.411s] -- Up-to-date symlink: /home/uiabot/ros2_ws/install/rplidar_ros/share/rplidar_ros/environment/ament_prefix_path.sh
[1.411s] -- Up-to-date symlink: /home/uiabot/ros2_ws/install/rplidar_ros/share/rplidar_ros/environment/ament_prefix_path.dsv
[1.412s] -- Up-to-date symlink: /home/uiabot/ros2_ws/install/rplidar_ros/share/rplidar_ros/environment/path.sh
[1.413s] -- Up-to-date symlink: /home/uiabot/ros2_ws/install/rplidar_ros/share/rplidar_ros/environment/path.dsv
[1.413s] -- Up-to-date symlink: /home/uiabot/ros2_ws/install/rplidar_ros/share/rplidar_ros/local_setup.bash
[1.414s] -- Up-to-date symlink: /home/uiabot/ros2_ws/install/rplidar_ros/share/rplidar_ros/local_setup.sh
[1.414s] -- Up-to-date symlink: /home/uiabot/ros2_ws/install/rplidar_ros/share/rplidar_ros/local_setup.zsh
[1.415s] -- Up-to-date symlink: /home/uiabot/ros2_ws/install/rplidar_ros/share/rplidar_ros/local_setup.dsv
[1.415s] -- Symlinking: /home/uiabot/ros2_ws/install/rplidar_ros/share/rplidar_ros/package.dsv
[1.438s] -- Up-to-date symlink: /home/uiabot/ros2_ws/install/rplidar_ros/share/ament_index/resource_index/packages/rplidar_ros
[1.440s] -- Up-to-date symlink: /home/uiabot/ros2_ws/install/rplidar_ros/share/rplidar_ros/cmake/ament_cmake_export_dependencies-extras.cmake
[1.441s] -- Up-to-date symlink: /home/uiabot/ros2_ws/install/rplidar_ros/share/rplidar_ros/cmake/ament_cmake_export_include_directories-extras.cmake
[1.441s] -- Up-to-date symlink: /home/uiabot/ros2_ws/install/rplidar_ros/share/rplidar_ros/cmake/rplidar_rosConfig.cmake
[1.442s] -- Up-to-date symlink: /home/uiabot/ros2_ws/install/rplidar_ros/share/rplidar_ros/cmake/rplidar_rosConfig-version.cmake
[1.442s] -- Up-to-date symlink: /home/uiabot/ros2_ws/install/rplidar_ros/share/rplidar_ros/package.xml
[1.446s] Invoked command in '/home/uiabot/ros2_ws/build/rplidar_ros' returned '0': CMAKE_PREFIX_PATH=/home/uiabot/ros2_ws/install/robin_SAS:/home/uiabot/ros2_ws/install/bno055:/opt/ros/jazzy:${CMAKE_PREFIX_PATH} DEBUGINFOD_URLS=https://debuginfod.ubuntu.com /usr/bin/cmake --install /home/uiabot/ros2_ws/build/rplidar_ros
