running egg_info
creating ../../build/odometry/odometry.egg-info
writing ../../build/odometry/odometry.egg-info/PKG-INFO
writing dependency_links to ../../build/odometry/odometry.egg-info/dependency_links.txt
writing entry points to ../../build/odometry/odometry.egg-info/entry_points.txt
writing requirements to ../../build/odometry/odometry.egg-info/requires.txt
writing top-level names to ../../build/odometry/odometry.egg-info/top_level.txt
writing manifest file '../../build/odometry/odometry.egg-info/SOURCES.txt'
reading manifest file '../../build/odometry/odometry.egg-info/SOURCES.txt'
writing manifest file '../../build/odometry/odometry.egg-info/SOURCES.txt'
running build
running build_py
creating /home/entho/ros2_ws/MAS514_H24_group3/src/mas515/build/odometry/build
creating /home/entho/ros2_ws/MAS514_H24_group3/src/mas515/build/odometry/build/lib
creating /home/entho/ros2_ws/MAS514_H24_group3/src/mas515/build/odometry/build/lib/odometry
copying odometry/velocity_publisher.py -> /home/entho/ros2_ws/MAS514_H24_group3/src/mas515/build/odometry/build/lib/odometry
copying odometry/__init__.py -> /home/entho/ros2_ws/MAS514_H24_group3/src/mas515/build/odometry/build/lib/odometry
copying odometry/odometry_publisher.py -> /home/entho/ros2_ws/MAS514_H24_group3/src/mas515/build/odometry/build/lib/odometry
running install
running install_lib
creating /home/entho/ros2_ws/MAS514_H24_group3/src/mas515/install/odometry/lib/python3.12/site-packages/odometry
copying /home/entho/ros2_ws/MAS514_H24_group3/src/mas515/build/odometry/build/lib/odometry/velocity_publisher.py -> /home/entho/ros2_ws/MAS514_H24_group3/src/mas515/install/odometry/lib/python3.12/site-packages/odometry
copying /home/entho/ros2_ws/MAS514_H24_group3/src/mas515/build/odometry/build/lib/odometry/__init__.py -> /home/entho/ros2_ws/MAS514_H24_group3/src/mas515/install/odometry/lib/python3.12/site-packages/odometry
copying /home/entho/ros2_ws/MAS514_H24_group3/src/mas515/build/odometry/build/lib/odometry/odometry_publisher.py -> /home/entho/ros2_ws/MAS514_H24_group3/src/mas515/install/odometry/lib/python3.12/site-packages/odometry
byte-compiling /home/entho/ros2_ws/MAS514_H24_group3/src/mas515/install/odometry/lib/python3.12/site-packages/odometry/velocity_publisher.py to velocity_publisher.cpython-312.pyc
byte-compiling /home/entho/ros2_ws/MAS514_H24_group3/src/mas515/install/odometry/lib/python3.12/site-packages/odometry/__init__.py to __init__.cpython-312.pyc
byte-compiling /home/entho/ros2_ws/MAS514_H24_group3/src/mas515/install/odometry/lib/python3.12/site-packages/odometry/odometry_publisher.py to odometry_publisher.cpython-312.pyc
running install_data
creating /home/entho/ros2_ws/MAS514_H24_group3/src/mas515/install/odometry/share/ament_index
creating /home/entho/ros2_ws/MAS514_H24_group3/src/mas515/install/odometry/share/ament_index/resource_index
creating /home/entho/ros2_ws/MAS514_H24_group3/src/mas515/install/odometry/share/ament_index/resource_index/packages
copying resource/odometry -> /home/entho/ros2_ws/MAS514_H24_group3/src/mas515/install/odometry/share/ament_index/resource_index/packages
copying package.xml -> /home/entho/ros2_ws/MAS514_H24_group3/src/mas515/install/odometry/share/odometry
running install_egg_info
Copying ../../build/odometry/odometry.egg-info to /home/entho/ros2_ws/MAS514_H24_group3/src/mas515/install/odometry/lib/python3.12/site-packages/odometry-0.0.0-py3.12.egg-info
running install_scripts
Installing odometry_publisher script to /home/entho/ros2_ws/MAS514_H24_group3/src/mas515/install/odometry/lib/odometry
writing list of installed files to '/home/entho/ros2_ws/MAS514_H24_group3/src/mas515/build/odometry/install.log'
