running egg_info
creating ../../build/robin_SAS/robin_SAS.egg-info
writing ../../build/robin_SAS/robin_SAS.egg-info/PKG-INFO
writing dependency_links to ../../build/robin_SAS/robin_SAS.egg-info/dependency_links.txt
writing requirements to ../../build/robin_SAS/robin_SAS.egg-info/requires.txt
writing top-level names to ../../build/robin_SAS/robin_SAS.egg-info/top_level.txt
writing manifest file '../../build/robin_SAS/robin_SAS.egg-info/SOURCES.txt'
reading manifest file '../../build/robin_SAS/robin_SAS.egg-info/SOURCES.txt'
writing manifest file '../../build/robin_SAS/robin_SAS.egg-info/SOURCES.txt'
running build
running build_py
creating /home/uiabot/ros2_ws/build/robin_SAS/build
creating /home/uiabot/ros2_ws/build/robin_SAS/build/lib
creating /home/uiabot/ros2_ws/build/robin_SAS/build/lib/robin_SAS
copying robin_SAS/__init__.py -> /home/uiabot/ros2_ws/build/robin_SAS/build/lib/robin_SAS
copying robin_SAS/SubAndSerial.py -> /home/uiabot/ros2_ws/build/robin_SAS/build/lib/robin_SAS
running install
running install_lib
creating /home/uiabot/ros2_ws/install/robin_SAS/lib/python3.12/site-packages/robin_SAS
copying /home/uiabot/ros2_ws/build/robin_SAS/build/lib/robin_SAS/__init__.py -> /home/uiabot/ros2_ws/install/robin_SAS/lib/python3.12/site-packages/robin_SAS
copying /home/uiabot/ros2_ws/build/robin_SAS/build/lib/robin_SAS/SubAndSerial.py -> /home/uiabot/ros2_ws/install/robin_SAS/lib/python3.12/site-packages/robin_SAS
byte-compiling /home/uiabot/ros2_ws/install/robin_SAS/lib/python3.12/site-packages/robin_SAS/__init__.py to __init__.cpython-312.pyc
byte-compiling /home/uiabot/ros2_ws/install/robin_SAS/lib/python3.12/site-packages/robin_SAS/SubAndSerial.py to SubAndSerial.cpython-312.pyc
running install_data
creating /home/uiabot/ros2_ws/install/robin_SAS/share/ament_index
creating /home/uiabot/ros2_ws/install/robin_SAS/share/ament_index/resource_index
creating /home/uiabot/ros2_ws/install/robin_SAS/share/ament_index/resource_index/packages
copying resource/robin_SAS -> /home/uiabot/ros2_ws/install/robin_SAS/share/ament_index/resource_index/packages
copying package.xml -> /home/uiabot/ros2_ws/install/robin_SAS/share/robin_SAS
running install_egg_info
Copying ../../build/robin_SAS/robin_SAS.egg-info to /home/uiabot/ros2_ws/install/robin_SAS/lib/python3.12/site-packages/robin_SAS-0.0.0-py3.12.egg-info
running install_scripts
writing list of installed files to '/home/uiabot/ros2_ws/build/robin_SAS/install.log'
