[0.205s] Invoking command in '/home/asle/mas515v2/build/robot_description': CMAKE_PREFIX_PATH=${CMAKE_PREFIX_PATH}:/home/asle/mas515v2/install/odometry:/opt/ros/jazzy DEBUGINFOD_URLS=https://debuginfod.ubuntu.com /usr/bin/cmake /home/asle/mas515v2/mas515/src/robot_description -DCMAKE_INSTALL_PREFIX=/home/asle/mas515v2/install/robot_description
[0.259s] -- The C compiler identification is GNU 13.2.0
[0.315s] -- The CXX compiler identification is GNU 13.2.0
[0.331s] -- Detecting C compiler ABI info
[0.416s] -- Detecting C compiler ABI info - done
[0.426s] -- Check for working C compiler: /usr/bin/cc - skipped
[0.426s] -- Detecting C compile features
[0.426s] -- Detecting C compile features - done
[0.435s] -- Detecting CXX compiler ABI info
[0.529s] -- Detecting CXX compiler ABI info - done
[0.538s] -- Check for working CXX compiler: /usr/bin/c++ - skipped
[0.539s] -- Detecting CXX compile features
[0.539s] -- Detecting CXX compile features - done
[0.543s] -- Found ament_cmake: 2.5.2 (/opt/ros/jazzy/share/ament_cmake/cmake)
[0.690s] -- Found Python3: /usr/bin/python3 (found version "3.12.3") found components: Interpreter 
[0.812s] -- Found ament_lint_auto: 0.17.1 (/opt/ros/jazzy/share/ament_lint_auto/cmake)
[0.921s] -- Added test 'flake8' to check Python code syntax and style conventions
[0.921s] -- Configured 'flake8' exclude dirs and/or files: 
[0.922s] -- Added test 'lint_cmake' to check CMake code style
[0.924s] -- Added test 'pep257' to check Python code against some of the docstring style conventions in PEP 257
[0.925s] -- Added test 'xmllint' to check XML markup files
[0.927s] -- Configuring done (0.7s)
[0.930s] -- Generating done (0.0s)
[0.931s] -- Build files have been written to: /home/asle/mas515v2/build/robot_description
[0.936s] Invoked command in '/home/asle/mas515v2/build/robot_description' returned '0': CMAKE_PREFIX_PATH=${CMAKE_PREFIX_PATH}:/home/asle/mas515v2/install/odometry:/opt/ros/jazzy DEBUGINFOD_URLS=https://debuginfod.ubuntu.com /usr/bin/cmake /home/asle/mas515v2/mas515/src/robot_description -DCMAKE_INSTALL_PREFIX=/home/asle/mas515v2/install/robot_description
[0.937s] Invoking command in '/home/asle/mas515v2/build/robot_description': CMAKE_PREFIX_PATH=${CMAKE_PREFIX_PATH}:/home/asle/mas515v2/install/odometry:/opt/ros/jazzy DEBUGINFOD_URLS=https://debuginfod.ubuntu.com /usr/bin/cmake --build /home/asle/mas515v2/build/robot_description -- -j12 -l12
[0.974s] Invoked command in '/home/asle/mas515v2/build/robot_description' returned '0': CMAKE_PREFIX_PATH=${CMAKE_PREFIX_PATH}:/home/asle/mas515v2/install/odometry:/opt/ros/jazzy DEBUGINFOD_URLS=https://debuginfod.ubuntu.com /usr/bin/cmake --build /home/asle/mas515v2/build/robot_description -- -j12 -l12
[1.003s] Invoking command in '/home/asle/mas515v2/build/robot_description': CMAKE_PREFIX_PATH=${CMAKE_PREFIX_PATH}:/home/asle/mas515v2/install/odometry:/opt/ros/jazzy DEBUGINFOD_URLS=https://debuginfod.ubuntu.com /usr/bin/cmake --install /home/asle/mas515v2/build/robot_description
[1.012s] -- Install configuration: ""
[1.012s] -- Installing: /home/asle/mas515v2/install/robot_description/share/robot_description//urdf
[1.012s] -- Installing: /home/asle/mas515v2/install/robot_description/share/robot_description//urdf/model333.urdf
[1.012s] -- Installing: /home/asle/mas515v2/install/robot_description/share/robot_description//urdf/model.urdf
[1.012s] -- Installing: /home/asle/mas515v2/install/robot_description/share/robot_description//launch
[1.012s] -- Installing: /home/asle/mas515v2/install/robot_description/share/robot_description//launch/display.launch.py
[1.012s] -- Installing: /home/asle/mas515v2/install/robot_description/share/robot_description//launch/display.launch.xml
[1.012s] -- Installing: /home/asle/mas515v2/install/robot_description/share/robot_description//launch/display.launch copy.py
[1.012s] -- Installing: /home/asle/mas515v2/install/robot_description/share/robot_description//meshes
[1.012s] -- Installing: /home/asle/mas515v2/install/robot_description/share/robot_description//meshes/chassisWithMotor.STL
[1.033s] -- Installing: /home/asle/mas515v2/install/robot_description/share/robot_description//meshes/Wheel.STL
[1.037s] -- Installing: /home/asle/mas515v2/install/robot_description/share/robot_description//meshes/Chassis.STL
[1.057s] -- Installing: /home/asle/mas515v2/install/robot_description/share/robot_description//rviz
[1.057s] -- Installing: /home/asle/mas515v2/install/robot_description/share/robot_description//rviz/rviz_config.rviz
[1.057s] -- Installing: /home/asle/mas515v2/install/robot_description/share/ament_index/resource_index/package_run_dependencies/robot_description
[1.057s] -- Installing: /home/asle/mas515v2/install/robot_description/share/ament_index/resource_index/parent_prefix_path/robot_description
[1.057s] -- Installing: /home/asle/mas515v2/install/robot_description/share/robot_description/environment/ament_prefix_path.sh
[1.057s] -- Installing: /home/asle/mas515v2/install/robot_description/share/robot_description/environment/ament_prefix_path.dsv
[1.057s] -- Installing: /home/asle/mas515v2/install/robot_description/share/robot_description/environment/path.sh
[1.057s] -- Installing: /home/asle/mas515v2/install/robot_description/share/robot_description/environment/path.dsv
[1.058s] -- Installing: /home/asle/mas515v2/install/robot_description/share/robot_description/local_setup.bash
[1.058s] -- Installing: /home/asle/mas515v2/install/robot_description/share/robot_description/local_setup.sh
[1.058s] -- Installing: /home/asle/mas515v2/install/robot_description/share/robot_description/local_setup.zsh
[1.058s] -- Installing: /home/asle/mas515v2/install/robot_description/share/robot_description/local_setup.dsv
[1.058s] -- Installing: /home/asle/mas515v2/install/robot_description/share/robot_description/package.dsv
[1.058s] -- Installing: /home/asle/mas515v2/install/robot_description/share/ament_index/resource_index/packages/robot_description
[1.058s] -- Installing: /home/asle/mas515v2/install/robot_description/share/robot_description/cmake/robot_descriptionConfig.cmake
[1.058s] -- Installing: /home/asle/mas515v2/install/robot_description/share/robot_description/cmake/robot_descriptionConfig-version.cmake
[1.059s] -- Installing: /home/asle/mas515v2/install/robot_description/share/robot_description/package.xml
[1.061s] Invoked command in '/home/asle/mas515v2/build/robot_description' returned '0': CMAKE_PREFIX_PATH=${CMAKE_PREFIX_PATH}:/home/asle/mas515v2/install/odometry:/opt/ros/jazzy DEBUGINFOD_URLS=https://debuginfod.ubuntu.com /usr/bin/cmake --install /home/asle/mas515v2/build/robot_description
