[2.175s] Invoking command in '/home/uiabot/ros2_ws/src/bno055': DEBUGINFOD_URLS=https://debuginfod.ubuntu.com PYTHONPATH=/home/uiabot/ros2_ws/build/bno055/prefix_override:/usr/lib/python3/dist-packages/colcon_core/task/python/colcon_distutils_commands:/home/uiabot/ros2_ws/install/bno055/lib/python3.12/site-packages:${PYTHONPATH} /usr/bin/python3 -W ignore:setup.py install is deprecated setup.py egg_info --egg-base ../../build/bno055 build --build-base /home/uiabot/ros2_ws/build/bno055/build install --record /home/uiabot/ros2_ws/build/bno055/install.log --single-version-externally-managed install_data
[2.543s] running egg_info
[2.543s] creating ../../build/bno055/bno055.egg-info
[2.568s] writing ../../build/bno055/bno055.egg-info/PKG-INFO
[2.568s] writing dependency_links to ../../build/bno055/bno055.egg-info/dependency_links.txt
[2.568s] writing entry points to ../../build/bno055/bno055.egg-info/entry_points.txt
[2.569s] writing requirements to ../../build/bno055/bno055.egg-info/requires.txt
[2.569s] writing top-level names to ../../build/bno055/bno055.egg-info/top_level.txt
[2.569s] writing manifest file '../../build/bno055/bno055.egg-info/SOURCES.txt'
[2.621s] reading manifest file '../../build/bno055/bno055.egg-info/SOURCES.txt'
[2.621s] adding license file 'LICENSE'
[2.621s] adding license file 'AUTHORS'
[2.622s] writing manifest file '../../build/bno055/bno055.egg-info/SOURCES.txt'
[2.622s] running build
[2.622s] running build_py
[2.622s] creating /home/uiabot/ros2_ws/build/bno055/build
[2.622s] creating /home/uiabot/ros2_ws/build/bno055/build/lib
[2.622s] creating /home/uiabot/ros2_ws/build/bno055/build/lib/bno055
[2.622s] copying bno055/__init__.py -> /home/uiabot/ros2_ws/build/bno055/build/lib/bno055
[2.622s] copying bno055/bno055.py -> /home/uiabot/ros2_ws/build/bno055/build/lib/bno055
[2.623s] copying bno055/registers.py -> /home/uiabot/ros2_ws/build/bno055/build/lib/bno055
[2.623s] creating /home/uiabot/ros2_ws/build/bno055/build/lib/bno055/sensor
[2.623s] copying bno055/sensor/SensorService.py -> /home/uiabot/ros2_ws/build/bno055/build/lib/bno055/sensor
[2.623s] copying bno055/sensor/__init__.py -> /home/uiabot/ros2_ws/build/bno055/build/lib/bno055/sensor
[2.624s] creating /home/uiabot/ros2_ws/build/bno055/build/lib/bno055/connectors
[2.624s] copying bno055/connectors/__init__.py -> /home/uiabot/ros2_ws/build/bno055/build/lib/bno055/connectors
[2.624s] copying bno055/connectors/Connector.py -> /home/uiabot/ros2_ws/build/bno055/build/lib/bno055/connectors
[2.624s] copying bno055/connectors/uart.py -> /home/uiabot/ros2_ws/build/bno055/build/lib/bno055/connectors
[2.624s] copying bno055/connectors/i2c.py -> /home/uiabot/ros2_ws/build/bno055/build/lib/bno055/connectors
[2.625s] creating /home/uiabot/ros2_ws/build/bno055/build/lib/bno055/params
[2.625s] copying bno055/params/__init__.py -> /home/uiabot/ros2_ws/build/bno055/build/lib/bno055/params
[2.625s] copying bno055/params/NodeParameters.py -> /home/uiabot/ros2_ws/build/bno055/build/lib/bno055/params
[2.625s] creating /home/uiabot/ros2_ws/build/bno055/build/lib/bno055/error_handling
[2.625s] copying bno055/error_handling/__init__.py -> /home/uiabot/ros2_ws/build/bno055/build/lib/bno055/error_handling
[2.625s] copying bno055/error_handling/exceptions.py -> /home/uiabot/ros2_ws/build/bno055/build/lib/bno055/error_handling
[2.626s] running install
[2.636s] running install_lib
[2.661s] creating /home/uiabot/ros2_ws/install/bno055/lib/python3.12/site-packages/bno055
[2.661s] creating /home/uiabot/ros2_ws/install/bno055/lib/python3.12/site-packages/bno055/sensor
[2.661s] copying /home/uiabot/ros2_ws/build/bno055/build/lib/bno055/sensor/SensorService.py -> /home/uiabot/ros2_ws/install/bno055/lib/python3.12/site-packages/bno055/sensor
[2.661s] copying /home/uiabot/ros2_ws/build/bno055/build/lib/bno055/sensor/__init__.py -> /home/uiabot/ros2_ws/install/bno055/lib/python3.12/site-packages/bno055/sensor
[2.661s] copying /home/uiabot/ros2_ws/build/bno055/build/lib/bno055/bno055.py -> /home/uiabot/ros2_ws/install/bno055/lib/python3.12/site-packages/bno055
[2.662s] copying /home/uiabot/ros2_ws/build/bno055/build/lib/bno055/__init__.py -> /home/uiabot/ros2_ws/install/bno055/lib/python3.12/site-packages/bno055
[2.662s] copying /home/uiabot/ros2_ws/build/bno055/build/lib/bno055/registers.py -> /home/uiabot/ros2_ws/install/bno055/lib/python3.12/site-packages/bno055
[2.662s] creating /home/uiabot/ros2_ws/install/bno055/lib/python3.12/site-packages/bno055/connectors
[2.662s] copying /home/uiabot/ros2_ws/build/bno055/build/lib/bno055/connectors/__init__.py -> /home/uiabot/ros2_ws/install/bno055/lib/python3.12/site-packages/bno055/connectors
[2.662s] copying /home/uiabot/ros2_ws/build/bno055/build/lib/bno055/connectors/Connector.py -> /home/uiabot/ros2_ws/install/bno055/lib/python3.12/site-packages/bno055/connectors
[2.662s] copying /home/uiabot/ros2_ws/build/bno055/build/lib/bno055/connectors/uart.py -> /home/uiabot/ros2_ws/install/bno055/lib/python3.12/site-packages/bno055/connectors
[2.663s] copying /home/uiabot/ros2_ws/build/bno055/build/lib/bno055/connectors/i2c.py -> /home/uiabot/ros2_ws/install/bno055/lib/python3.12/site-packages/bno055/connectors
[2.663s] creating /home/uiabot/ros2_ws/install/bno055/lib/python3.12/site-packages/bno055/params
[2.663s] copying /home/uiabot/ros2_ws/build/bno055/build/lib/bno055/params/__init__.py -> /home/uiabot/ros2_ws/install/bno055/lib/python3.12/site-packages/bno055/params
[2.663s] copying /home/uiabot/ros2_ws/build/bno055/build/lib/bno055/params/NodeParameters.py -> /home/uiabot/ros2_ws/install/bno055/lib/python3.12/site-packages/bno055/params
[2.663s] creating /home/uiabot/ros2_ws/install/bno055/lib/python3.12/site-packages/bno055/error_handling
[2.663s] copying /home/uiabot/ros2_ws/build/bno055/build/lib/bno055/error_handling/__init__.py -> /home/uiabot/ros2_ws/install/bno055/lib/python3.12/site-packages/bno055/error_handling
[2.663s] copying /home/uiabot/ros2_ws/build/bno055/build/lib/bno055/error_handling/exceptions.py -> /home/uiabot/ros2_ws/install/bno055/lib/python3.12/site-packages/bno055/error_handling
[2.664s] byte-compiling /home/uiabot/ros2_ws/install/bno055/lib/python3.12/site-packages/bno055/sensor/SensorService.py to SensorService.cpython-312.pyc
[2.670s] byte-compiling /home/uiabot/ros2_ws/install/bno055/lib/python3.12/site-packages/bno055/sensor/__init__.py to __init__.cpython-312.pyc
[2.670s] byte-compiling /home/uiabot/ros2_ws/install/bno055/lib/python3.12/site-packages/bno055/bno055.py to bno055.cpython-312.pyc
[2.672s] byte-compiling /home/uiabot/ros2_ws/install/bno055/lib/python3.12/site-packages/bno055/__init__.py to __init__.cpython-312.pyc
[2.672s] byte-compiling /home/uiabot/ros2_ws/install/bno055/lib/python3.12/site-packages/bno055/registers.py to registers.cpython-312.pyc
[2.673s] byte-compiling /home/uiabot/ros2_ws/install/bno055/lib/python3.12/site-packages/bno055/connectors/__init__.py to __init__.cpython-312.pyc
[2.674s] byte-compiling /home/uiabot/ros2_ws/install/bno055/lib/python3.12/site-packages/bno055/connectors/Connector.py to Connector.cpython-312.pyc
[2.674s] byte-compiling /home/uiabot/ros2_ws/install/bno055/lib/python3.12/site-packages/bno055/connectors/uart.py to uart.cpython-312.pyc
[2.675s] byte-compiling /home/uiabot/ros2_ws/install/bno055/lib/python3.12/site-packages/bno055/connectors/i2c.py to i2c.cpython-312.pyc
[2.676s] byte-compiling /home/uiabot/ros2_ws/install/bno055/lib/python3.12/site-packages/bno055/params/__init__.py to __init__.cpython-312.pyc
[2.676s] byte-compiling /home/uiabot/ros2_ws/install/bno055/lib/python3.12/site-packages/bno055/params/NodeParameters.py to NodeParameters.cpython-312.pyc
[2.678s] byte-compiling /home/uiabot/ros2_ws/install/bno055/lib/python3.12/site-packages/bno055/error_handling/__init__.py to __init__.cpython-312.pyc
[2.678s] byte-compiling /home/uiabot/ros2_ws/install/bno055/lib/python3.12/site-packages/bno055/error_handling/exceptions.py to exceptions.cpython-312.pyc
[2.679s] running install_data
[2.679s] creating /home/uiabot/ros2_ws/install/bno055/share/ament_index
[2.679s] creating /home/uiabot/ros2_ws/install/bno055/share/ament_index/resource_index
[2.679s] creating /home/uiabot/ros2_ws/install/bno055/share/ament_index/resource_index/packages
[2.679s] copying resource/bno055 -> /home/uiabot/ros2_ws/install/bno055/share/ament_index/resource_index/packages
[2.679s] copying package.xml -> /home/uiabot/ros2_ws/install/bno055/share/bno055
[2.679s] creating /home/uiabot/ros2_ws/install/bno055/share/bno055/launch
[2.679s] copying launch/bno055.launch.py -> /home/uiabot/ros2_ws/install/bno055/share/bno055/launch
[2.680s] creating /home/uiabot/ros2_ws/install/bno055/share/bno055/config
[2.680s] copying bno055/params/bno055_params_test.yaml -> /home/uiabot/ros2_ws/install/bno055/share/bno055/config
[2.680s] copying bno055/params/bno055_params_i2c.yaml -> /home/uiabot/ros2_ws/install/bno055/share/bno055/config
[2.680s] copying bno055/params/bno055_params.yaml -> /home/uiabot/ros2_ws/install/bno055/share/bno055/config
[2.680s] running install_egg_info
[2.707s] Copying ../../build/bno055/bno055.egg-info to /home/uiabot/ros2_ws/install/bno055/lib/python3.12/site-packages/bno055-0.5.0-py3.12.egg-info
[2.708s] running install_scripts
[2.888s] Installing bno055 script to /home/uiabot/ros2_ws/install/bno055/lib/bno055
[2.889s] writing list of installed files to '/home/uiabot/ros2_ws/build/bno055/install.log'
[3.017s] Invoked command in '/home/uiabot/ros2_ws/src/bno055' returned '0': DEBUGINFOD_URLS=https://debuginfod.ubuntu.com PYTHONPATH=/home/uiabot/ros2_ws/build/bno055/prefix_override:/usr/lib/python3/dist-packages/colcon_core/task/python/colcon_distutils_commands:/home/uiabot/ros2_ws/install/bno055/lib/python3.12/site-packages:${PYTHONPATH} /usr/bin/python3 -W ignore:setup.py install is deprecated setup.py egg_info --egg-base ../../build/bno055 build --build-base /home/uiabot/ros2_ws/build/bno055/build install --record /home/uiabot/ros2_ws/build/bno055/install.log --single-version-externally-managed install_data
