[0.673s] Invoking command in '/home/uiabot/ros2_ws/build/rplidar_ros': CMAKE_PREFIX_PATH=/home/uiabot/ros2_ws/install/robin_SAS:/home/uiabot/ros2_ws/install/bno055:/opt/ros/jazzy:${CMAKE_PREFIX_PATH} DEBUGINFOD_URLS=https://debuginfod.ubuntu.com /usr/bin/cmake --build /home/uiabot/ros2_ws/build/rplidar_ros -- -j4 -l4
[1.259s] [  5%] Built target rplidar_client
[1.274s] [100%] Built target rplidar_composition
[1.274s] [100%] Built target rplidar_node
[1.294s] Invoked command in '/home/uiabot/ros2_ws/build/rplidar_ros' returned '0': CMAKE_PREFIX_PATH=/home/uiabot/ros2_ws/install/robin_SAS:/home/uiabot/ros2_ws/install/bno055:/opt/ros/jazzy:${CMAKE_PREFIX_PATH} DEBUGINFOD_URLS=https://debuginfod.ubuntu.com /usr/bin/cmake --build /home/uiabot/ros2_ws/build/rplidar_ros -- -j4 -l4
[1.406s] Invoking command in '/home/uiabot/ros2_ws/build/rplidar_ros': CMAKE_PREFIX_PATH=/home/uiabot/ros2_ws/install/robin_SAS:/home/uiabot/ros2_ws/install/bno055:/opt/ros/jazzy:${CMAKE_PREFIX_PATH} DEBUGINFOD_URLS=https://debuginfod.ubuntu.com /usr/bin/cmake --install /home/uiabot/ros2_ws/build/rplidar_ros
[1.422s] -- Install configuration: ""
[1.424s] -- Execute custom install script
[1.428s] -- Up-to-date symlink: /home/uiabot/ros2_ws/install/rplidar_ros/share/rplidar_ros/launch/rplidar_a1_launch.py
[1.430s] -- Up-to-date symlink: /home/uiabot/ros2_ws/install/rplidar_ros/share/rplidar_ros/launch/rplidar_a2m12_launch.py
[1.431s] -- Up-to-date symlink: /home/uiabot/ros2_ws/install/rplidar_ros/share/rplidar_ros/launch/rplidar_a2m7_launch.py
[1.432s] -- Up-to-date symlink: /home/uiabot/ros2_ws/install/rplidar_ros/share/rplidar_ros/launch/rplidar_a2m8_launch.py
[1.433s] -- Up-to-date symlink: /home/uiabot/ros2_ws/install/rplidar_ros/share/rplidar_ros/launch/rplidar_a3_launch.py
[1.434s] -- Up-to-date symlink: /home/uiabot/ros2_ws/install/rplidar_ros/share/rplidar_ros/launch/rplidar_c1_launch.py
[1.435s] -- Up-to-date symlink: /home/uiabot/ros2_ws/install/rplidar_ros/share/rplidar_ros/launch/rplidar_s1_launch.py
[1.436s] -- Up-to-date symlink: /home/uiabot/ros2_ws/install/rplidar_ros/share/rplidar_ros/launch/rplidar_s1_tcp_launch.py
[1.437s] -- Up-to-date symlink: /home/uiabot/ros2_ws/install/rplidar_ros/share/rplidar_ros/launch/rplidar_s2_launch.py
[1.438s] -- Up-to-date symlink: /home/uiabot/ros2_ws/install/rplidar_ros/share/rplidar_ros/launch/rplidar_s2e_launch.py
[1.439s] -- Up-to-date symlink: /home/uiabot/ros2_ws/install/rplidar_ros/share/rplidar_ros/launch/rplidar_s3_launch.py
[1.440s] -- Up-to-date symlink: /home/uiabot/ros2_ws/install/rplidar_ros/share/rplidar_ros/launch/rplidar_t1_launch.py
[1.441s] -- Up-to-date symlink: /home/uiabot/ros2_ws/install/rplidar_ros/share/rplidar_ros/launch/view_rplidar_a1_launch.py
[1.442s] -- Up-to-date symlink: /home/uiabot/ros2_ws/install/rplidar_ros/share/rplidar_ros/launch/view_rplidar_a2m12_launch.py
[1.443s] -- Up-to-date symlink: /home/uiabot/ros2_ws/install/rplidar_ros/share/rplidar_ros/launch/view_rplidar_a2m7_launch.py
[1.444s] -- Up-to-date symlink: /home/uiabot/ros2_ws/install/rplidar_ros/share/rplidar_ros/launch/view_rplidar_a2m8_launch.py
[1.445s] -- Up-to-date symlink: /home/uiabot/ros2_ws/install/rplidar_ros/share/rplidar_ros/launch/view_rplidar_a3_launch.py
[1.446s] -- Up-to-date symlink: /home/uiabot/ros2_ws/install/rplidar_ros/share/rplidar_ros/launch/view_rplidar_c1_launch.py
[1.447s] -- Up-to-date symlink: /home/uiabot/ros2_ws/install/rplidar_ros/share/rplidar_ros/launch/view_rplidar_s1_launch.py
[1.448s] -- Up-to-date symlink: /home/uiabot/ros2_ws/install/rplidar_ros/share/rplidar_ros/launch/view_rplidar_s1_tcp_launch.py
[1.449s] -- Up-to-date symlink: /home/uiabot/ros2_ws/install/rplidar_ros/share/rplidar_ros/launch/view_rplidar_s2_launch.py
[1.450s] -- Up-to-date symlink: /home/uiabot/ros2_ws/install/rplidar_ros/share/rplidar_ros/launch/view_rplidar_s2e_launch.py
[1.451s] -- Up-to-date symlink: /home/uiabot/ros2_ws/install/rplidar_ros/share/rplidar_ros/launch/view_rplidar_s3_launch.py
[1.452s] -- Up-to-date symlink: /home/uiabot/ros2_ws/install/rplidar_ros/share/rplidar_ros/launch/view_rplidar_t1_launch.py
[1.454s] -- Up-to-date symlink: /home/uiabot/ros2_ws/install/rplidar_ros/share/rplidar_ros/rviz/rplidar_ros.rviz
[1.457s] -- Up-to-date symlink: /home/uiabot/ros2_ws/install/rplidar_ros/lib/rplidar_ros/rplidar_node
[1.458s] -- Up-to-date symlink: /home/uiabot/ros2_ws/install/rplidar_ros/lib/rplidar_ros/rplidar_composition
[1.458s] -- Up-to-date symlink: /home/uiabot/ros2_ws/install/rplidar_ros/lib/rplidar_ros/rplidar_client
[1.458s] -- Up-to-date symlink: /home/uiabot/ros2_ws/install/rplidar_ros/share/ament_index/resource_index/package_run_dependencies/rplidar_ros
[1.460s] -- Up-to-date symlink: /home/uiabot/ros2_ws/install/rplidar_ros/share/ament_index/resource_index/parent_prefix_path/rplidar_ros
[1.461s] -- Up-to-date symlink: /home/uiabot/ros2_ws/install/rplidar_ros/share/rplidar_ros/environment/ament_prefix_path.sh
[1.461s] -- Up-to-date symlink: /home/uiabot/ros2_ws/install/rplidar_ros/share/rplidar_ros/environment/ament_prefix_path.dsv
[1.462s] -- Up-to-date symlink: /home/uiabot/ros2_ws/install/rplidar_ros/share/rplidar_ros/environment/path.sh
[1.462s] -- Up-to-date symlink: /home/uiabot/ros2_ws/install/rplidar_ros/share/rplidar_ros/environment/path.dsv
[1.463s] -- Up-to-date symlink: /home/uiabot/ros2_ws/install/rplidar_ros/share/rplidar_ros/local_setup.bash
[1.464s] -- Up-to-date symlink: /home/uiabot/ros2_ws/install/rplidar_ros/share/rplidar_ros/local_setup.sh
[1.465s] -- Up-to-date symlink: /home/uiabot/ros2_ws/install/rplidar_ros/share/rplidar_ros/local_setup.zsh
[1.465s] -- Up-to-date symlink: /home/uiabot/ros2_ws/install/rplidar_ros/share/rplidar_ros/local_setup.dsv
[1.466s] -- Symlinking: /home/uiabot/ros2_ws/install/rplidar_ros/share/rplidar_ros/package.dsv
[1.485s] -- Up-to-date symlink: /home/uiabot/ros2_ws/install/rplidar_ros/share/ament_index/resource_index/packages/rplidar_ros
[1.487s] -- Up-to-date symlink: /home/uiabot/ros2_ws/install/rplidar_ros/share/rplidar_ros/cmake/ament_cmake_export_dependencies-extras.cmake
[1.488s] -- Up-to-date symlink: /home/uiabot/ros2_ws/install/rplidar_ros/share/rplidar_ros/cmake/ament_cmake_export_include_directories-extras.cmake
[1.489s] -- Up-to-date symlink: /home/uiabot/ros2_ws/install/rplidar_ros/share/rplidar_ros/cmake/rplidar_rosConfig.cmake
[1.490s] -- Up-to-date symlink: /home/uiabot/ros2_ws/install/rplidar_ros/share/rplidar_ros/cmake/rplidar_rosConfig-version.cmake
[1.490s] -- Up-to-date symlink: /home/uiabot/ros2_ws/install/rplidar_ros/share/rplidar_ros/package.xml
[1.494s] Invoked command in '/home/uiabot/ros2_ws/build/rplidar_ros' returned '0': CMAKE_PREFIX_PATH=/home/uiabot/ros2_ws/install/robin_SAS:/home/uiabot/ros2_ws/install/bno055:/opt/ros/jazzy:${CMAKE_PREFIX_PATH} DEBUGINFOD_URLS=https://debuginfod.ubuntu.com /usr/bin/cmake --install /home/uiabot/ros2_ws/build/rplidar_ros
