[1.169s] Invoking command in '/home/uiabot/ros2_ws/src/robin_SAS': DEBUGINFOD_URLS=https://debuginfod.ubuntu.com PYTHONPATH=/home/uiabot/ros2_ws/build/robin_SAS/prefix_override:/usr/lib/python3/dist-packages/colcon_core/task/python/colcon_distutils_commands:/home/uiabot/ros2_ws/install/robin_SAS/lib/python3.12/site-packages:${PYTHONPATH} /usr/bin/python3 -W ignore:setup.py install is deprecated setup.py egg_info --egg-base ../../build/robin_SAS build --build-base /home/uiabot/ros2_ws/build/robin_SAS/build install --record /home/uiabot/ros2_ws/build/robin_SAS/install.log --single-version-externally-managed install_data
[1.520s] running egg_info
[1.544s] writing ../../build/robin_SAS/robin_SAS.egg-info/PKG-INFO
[1.545s] writing dependency_links to ../../build/robin_SAS/robin_SAS.egg-info/dependency_links.txt
[1.546s] writing entry points to ../../build/robin_SAS/robin_SAS.egg-info/entry_points.txt
[1.546s] writing requirements to ../../build/robin_SAS/robin_SAS.egg-info/requires.txt
[1.547s] writing top-level names to ../../build/robin_SAS/robin_SAS.egg-info/top_level.txt
[1.600s] reading manifest file '../../build/robin_SAS/robin_SAS.egg-info/SOURCES.txt'
[1.601s] writing manifest file '../../build/robin_SAS/robin_SAS.egg-info/SOURCES.txt'
[1.601s] running build
[1.601s] running build_py
[1.601s] running install
[1.611s] running install_lib
[1.636s] running install_data
[1.637s] running install_egg_info
[1.663s] removing '/home/uiabot/ros2_ws/install/robin_SAS/lib/python3.12/site-packages/robin_SAS-0.0.0-py3.12.egg-info' (and everything under it)
[1.664s] Copying ../../build/robin_SAS/robin_SAS.egg-info to /home/uiabot/ros2_ws/install/robin_SAS/lib/python3.12/site-packages/robin_SAS-0.0.0-py3.12.egg-info
[1.665s] running install_scripts
[1.839s] Installing joint_state_publisher script to /home/uiabot/ros2_ws/install/robin_SAS/lib/robin_SAS
[1.840s] Installing teleop_to_serial script to /home/uiabot/ros2_ws/install/robin_SAS/lib/robin_SAS
[1.841s] writing list of installed files to '/home/uiabot/ros2_ws/build/robin_SAS/install.log'
[1.922s] Invoked command in '/home/uiabot/ros2_ws/src/robin_SAS' returned '0': DEBUGINFOD_URLS=https://debuginfod.ubuntu.com PYTHONPATH=/home/uiabot/ros2_ws/build/robin_SAS/prefix_override:/usr/lib/python3/dist-packages/colcon_core/task/python/colcon_distutils_commands:/home/uiabot/ros2_ws/install/robin_SAS/lib/python3.12/site-packages:${PYTHONPATH} /usr/bin/python3 -W ignore:setup.py install is deprecated setup.py egg_info --egg-base ../../build/robin_SAS build --build-base /home/uiabot/ros2_ws/build/robin_SAS/build install --record /home/uiabot/ros2_ws/build/robin_SAS/install.log --single-version-externally-managed install_data
