[2.152s] Invoking command in '/home/uiabot/ros2_ws/src/robin_SAS': DEBUGINFOD_URLS=https://debuginfod.ubuntu.com PYTHONPATH=/home/uiabot/ros2_ws/build/robin_SAS/prefix_override:/usr/lib/python3/dist-packages/colcon_core/task/python/colcon_distutils_commands:/home/uiabot/ros2_ws/install/robin_SAS/lib/python3.12/site-packages:${PYTHONPATH} /usr/bin/python3 -W ignore:setup.py install is deprecated setup.py egg_info --egg-base ../../build/robin_SAS build --build-base /home/uiabot/ros2_ws/build/robin_SAS/build install --record /home/uiabot/ros2_ws/build/robin_SAS/install.log --single-version-externally-managed install_data
[2.525s] running egg_info
[2.550s] writing ../../build/robin_SAS/robin_SAS.egg-info/PKG-INFO
[2.551s] writing dependency_links to ../../build/robin_SAS/robin_SAS.egg-info/dependency_links.txt
[2.553s] writing entry points to ../../build/robin_SAS/robin_SAS.egg-info/entry_points.txt
[2.554s] writing requirements to ../../build/robin_SAS/robin_SAS.egg-info/requires.txt
[2.557s] writing top-level names to ../../build/robin_SAS/robin_SAS.egg-info/top_level.txt
[2.610s] reading manifest file '../../build/robin_SAS/robin_SAS.egg-info/SOURCES.txt'
[2.612s] writing manifest file '../../build/robin_SAS/robin_SAS.egg-info/SOURCES.txt'
[2.612s] running build
[2.612s] running build_py
[2.615s] copying robin_SAS/teleop_to_serial.py -> /home/uiabot/ros2_ws/build/robin_SAS/build/lib/robin_SAS
[2.615s] running install
[2.625s] running install_lib
[2.651s] copying /home/uiabot/ros2_ws/build/robin_SAS/build/lib/robin_SAS/teleop_to_serial.py -> /home/uiabot/ros2_ws/install/robin_SAS/lib/python3.12/site-packages/robin_SAS
[2.653s] byte-compiling /home/uiabot/ros2_ws/install/robin_SAS/lib/python3.12/site-packages/robin_SAS/teleop_to_serial.py to teleop_to_serial.cpython-312.pyc
[2.655s] running install_data
[2.658s] running install_egg_info
[2.686s] removing '/home/uiabot/ros2_ws/install/robin_SAS/lib/python3.12/site-packages/robin_SAS-0.0.0-py3.12.egg-info' (and everything under it)
[2.686s] Copying ../../build/robin_SAS/robin_SAS.egg-info to /home/uiabot/ros2_ws/install/robin_SAS/lib/python3.12/site-packages/robin_SAS-0.0.0-py3.12.egg-info
[2.688s] running install_scripts
[2.869s] Installing teleop_to_serial script to /home/uiabot/ros2_ws/install/robin_SAS/lib/robin_SAS
[2.870s] writing list of installed files to '/home/uiabot/ros2_ws/build/robin_SAS/install.log'
[2.987s] Invoked command in '/home/uiabot/ros2_ws/src/robin_SAS' returned '0': DEBUGINFOD_URLS=https://debuginfod.ubuntu.com PYTHONPATH=/home/uiabot/ros2_ws/build/robin_SAS/prefix_override:/usr/lib/python3/dist-packages/colcon_core/task/python/colcon_distutils_commands:/home/uiabot/ros2_ws/install/robin_SAS/lib/python3.12/site-packages:${PYTHONPATH} /usr/bin/python3 -W ignore:setup.py install is deprecated setup.py egg_info --egg-base ../../build/robin_SAS build --build-base /home/uiabot/ros2_ws/build/robin_SAS/build install --record /home/uiabot/ros2_ws/build/robin_SAS/install.log --single-version-externally-managed install_data
