[0.018s] Invoking command in '/home/uiabot/ros2_ws/build/rplidar_ros': DEBUGINFOD_URLS=https://debuginfod.ubuntu.com /usr/bin/cmake /home/uiabot/ros2_ws/src/rplidar_ros -DCATKIN_INSTALL_INTO_PREFIX_ROOT=0 -DCMAKE_INSTALL_PREFIX=/home/uiabot/ros2_ws/install/rplidar_ros
[0.147s] [0mCMake Deprecation Warning at CMakeLists.txt:1 (cmake_minimum_required):
[0.148s]   Compatibility with CMake < 3.5 will be removed from a future version of
[0.148s]   CMake.
[0.148s] 
[0.148s]   Update the VERSION argument <min> value or use a ...<max> suffix to tell
[0.148s]   CMake that the project does not need compatibility with older versions.
[0.148s] 
[0.148s] [0m
[0.673s] -- The C compiler identification is GNU 13.2.0
[1.132s] -- The CXX compiler identification is GNU 13.2.0
[1.175s] -- Detecting C compiler ABI info
[1.365s] -- Detecting C compiler ABI info - done
[1.382s] -- Check for working C compiler: /usr/bin/cc - skipped
[1.383s] -- Detecting C compile features
[1.384s] -- Detecting C compile features - done
[1.401s] -- Detecting CXX compiler ABI info
[1.579s] -- Detecting CXX compiler ABI info - done
[1.596s] -- Check for working CXX compiler: /usr/bin/c++ - skipped
[1.597s] -- Detecting CXX compile features
[1.597s] -- Detecting CXX compile features - done
[1.616s] [31mCMake Error at CMakeLists.txt:16 (find_package):
[1.616s]   By not providing "Findcatkin.cmake" in CMAKE_MODULE_PATH this project has
[1.616s]   asked CMake to find a package configuration file provided by "catkin", but
[1.616s]   CMake did not find one.
[1.616s] 
[1.616s]   Could not find a package configuration file provided by "catkin" with any
[1.616s]   of the following names:
[1.617s] 
[1.617s]     catkinConfig.cmake
[1.617s]     catkin-config.cmake
[1.617s] 
[1.617s]   Add the installation prefix of "catkin" to CMAKE_PREFIX_PATH or set
[1.617s]   "catkin_DIR" to a directory containing one of the above files.  If "catkin"
[1.617s]   provides a separate development package or SDK, be sure it has been
[1.617s]   installed.
[1.617s] 
[1.617s] [0m
[1.618s] -- Configuring incomplete, errors occurred!
[1.623s] Invoked command in '/home/uiabot/ros2_ws/build/rplidar_ros' returned '1': DEBUGINFOD_URLS=https://debuginfod.ubuntu.com /usr/bin/cmake /home/uiabot/ros2_ws/src/rplidar_ros -DCATKIN_INSTALL_INTO_PREFIX_ROOT=0 -DCMAKE_INSTALL_PREFIX=/home/uiabot/ros2_ws/install/rplidar_ros
