[2.234s] Invoking command in '/home/uiabot/ros2_ws/src/bno055': DEBUGINFOD_URLS=https://debuginfod.ubuntu.com PYTHONPATH=/home/uiabot/ros2_ws/build/bno055/prefix_override:/usr/lib/python3/dist-packages/colcon_core/task/python/colcon_distutils_commands:/home/uiabot/ros2_ws/install/bno055/lib/python3.12/site-packages:${PYTHONPATH} /usr/bin/python3 -W ignore:setup.py install is deprecated setup.py egg_info --egg-base ../../build/bno055 build --build-base /home/uiabot/ros2_ws/build/bno055/build install --record /home/uiabot/ros2_ws/build/bno055/install.log --single-version-externally-managed install_data
[2.608s] running egg_info
[2.633s] writing ../../build/bno055/bno055.egg-info/PKG-INFO
[2.675s] writing dependency_links to ../../build/bno055/bno055.egg-info/dependency_links.txt
[2.676s] writing entry points to ../../build/bno055/bno055.egg-info/entry_points.txt
[2.676s] writing requirements to ../../build/bno055/bno055.egg-info/requires.txt
[2.676s] writing top-level names to ../../build/bno055/bno055.egg-info/top_level.txt
[2.730s] reading manifest file '../../build/bno055/bno055.egg-info/SOURCES.txt'
[2.731s] adding license file 'LICENSE'
[2.731s] adding license file 'AUTHORS'
[2.732s] writing manifest file '../../build/bno055/bno055.egg-info/SOURCES.txt'
[2.732s] running build
[2.732s] running build_py
[2.737s] running install
[2.746s] running install_lib
[2.778s] running install_data
[2.779s] running install_egg_info
[2.806s] removing '/home/uiabot/ros2_ws/install/bno055/lib/python3.12/site-packages/bno055-0.5.0-py3.12.egg-info' (and everything under it)
[2.807s] Copying ../../build/bno055/bno055.egg-info to /home/uiabot/ros2_ws/install/bno055/lib/python3.12/site-packages/bno055-0.5.0-py3.12.egg-info
[2.809s] running install_scripts
[2.990s] Installing bno055 script to /home/uiabot/ros2_ws/install/bno055/lib/bno055
[2.992s] writing list of installed files to '/home/uiabot/ros2_ws/build/bno055/install.log'
[3.109s] Invoked command in '/home/uiabot/ros2_ws/src/bno055' returned '0': DEBUGINFOD_URLS=https://debuginfod.ubuntu.com PYTHONPATH=/home/uiabot/ros2_ws/build/bno055/prefix_override:/usr/lib/python3/dist-packages/colcon_core/task/python/colcon_distutils_commands:/home/uiabot/ros2_ws/install/bno055/lib/python3.12/site-packages:${PYTHONPATH} /usr/bin/python3 -W ignore:setup.py install is deprecated setup.py egg_info --egg-base ../../build/bno055 build --build-base /home/uiabot/ros2_ws/build/bno055/build install --record /home/uiabot/ros2_ws/build/bno055/install.log --single-version-externally-managed install_data
