running egg_info
creating ../../../build/odometry/odometry.egg-info
writing ../../../build/odometry/odometry.egg-info/PKG-INFO
writing dependency_links to ../../../build/odometry/odometry.egg-info/dependency_links.txt
writing entry points to ../../../build/odometry/odometry.egg-info/entry_points.txt
writing requirements to ../../../build/odometry/odometry.egg-info/requires.txt
writing top-level names to ../../../build/odometry/odometry.egg-info/top_level.txt
writing manifest file '../../../build/odometry/odometry.egg-info/SOURCES.txt'
reading manifest file '../../../build/odometry/odometry.egg-info/SOURCES.txt'
writing manifest file '../../../build/odometry/odometry.egg-info/SOURCES.txt'
running build
running build_py
creating /home/asle/mas515v2/build/odometry/build
creating /home/asle/mas515v2/build/odometry/build/lib
creating /home/asle/mas515v2/build/odometry/build/lib/odometry
copying odometry/odometry_publisher666.py -> /home/asle/mas515v2/build/odometry/build/lib/odometry
copying odometry/odometry_publisher.py -> /home/asle/mas515v2/build/odometry/build/lib/odometry
copying odometry/odometry_publisherv3.py -> /home/asle/mas515v2/build/odometry/build/lib/odometry
copying odometry/odometry_publisherv2.py -> /home/asle/mas515v2/build/odometry/build/lib/odometry
copying odometry/odometry_publisher888.py -> /home/asle/mas515v2/build/odometry/build/lib/odometry
copying odometry/velocity_publisher.py -> /home/asle/mas515v2/build/odometry/build/lib/odometry
copying odometry/__init__.py -> /home/asle/mas515v2/build/odometry/build/lib/odometry
copying odometry/odometry_publisher copy.py -> /home/asle/mas515v2/build/odometry/build/lib/odometry
copying odometry/odometry_publisher999.py -> /home/asle/mas515v2/build/odometry/build/lib/odometry
copying odometry/odometry_publisherCurrent.py -> /home/asle/mas515v2/build/odometry/build/lib/odometry
copying odometry/odometry_publisher101010.py -> /home/asle/mas515v2/build/odometry/build/lib/odometry
copying odometry/odometry_publisher6667.py -> /home/asle/mas515v2/build/odometry/build/lib/odometry
copying odometry/odometry_publisher333.py -> /home/asle/mas515v2/build/odometry/build/lib/odometry
copying odometry/odometry_publisher copy 2.py -> /home/asle/mas515v2/build/odometry/build/lib/odometry
running install
running install_lib
creating /home/asle/mas515v2/install/odometry/lib/python3.12/site-packages/odometry
copying /home/asle/mas515v2/build/odometry/build/lib/odometry/odometry_publisher666.py -> /home/asle/mas515v2/install/odometry/lib/python3.12/site-packages/odometry
copying /home/asle/mas515v2/build/odometry/build/lib/odometry/odometry_publisher.py -> /home/asle/mas515v2/install/odometry/lib/python3.12/site-packages/odometry
copying /home/asle/mas515v2/build/odometry/build/lib/odometry/odometry_publisherv3.py -> /home/asle/mas515v2/install/odometry/lib/python3.12/site-packages/odometry
copying /home/asle/mas515v2/build/odometry/build/lib/odometry/odometry_publisherv2.py -> /home/asle/mas515v2/install/odometry/lib/python3.12/site-packages/odometry
copying /home/asle/mas515v2/build/odometry/build/lib/odometry/odometry_publisher888.py -> /home/asle/mas515v2/install/odometry/lib/python3.12/site-packages/odometry
copying /home/asle/mas515v2/build/odometry/build/lib/odometry/velocity_publisher.py -> /home/asle/mas515v2/install/odometry/lib/python3.12/site-packages/odometry
copying /home/asle/mas515v2/build/odometry/build/lib/odometry/__init__.py -> /home/asle/mas515v2/install/odometry/lib/python3.12/site-packages/odometry
copying /home/asle/mas515v2/build/odometry/build/lib/odometry/odometry_publisher copy.py -> /home/asle/mas515v2/install/odometry/lib/python3.12/site-packages/odometry
copying /home/asle/mas515v2/build/odometry/build/lib/odometry/odometry_publisher999.py -> /home/asle/mas515v2/install/odometry/lib/python3.12/site-packages/odometry
copying /home/asle/mas515v2/build/odometry/build/lib/odometry/odometry_publisherCurrent.py -> /home/asle/mas515v2/install/odometry/lib/python3.12/site-packages/odometry
copying /home/asle/mas515v2/build/odometry/build/lib/odometry/odometry_publisher101010.py -> /home/asle/mas515v2/install/odometry/lib/python3.12/site-packages/odometry
copying /home/asle/mas515v2/build/odometry/build/lib/odometry/odometry_publisher6667.py -> /home/asle/mas515v2/install/odometry/lib/python3.12/site-packages/odometry
copying /home/asle/mas515v2/build/odometry/build/lib/odometry/odometry_publisher333.py -> /home/asle/mas515v2/install/odometry/lib/python3.12/site-packages/odometry
copying /home/asle/mas515v2/build/odometry/build/lib/odometry/odometry_publisher copy 2.py -> /home/asle/mas515v2/install/odometry/lib/python3.12/site-packages/odometry
byte-compiling /home/asle/mas515v2/install/odometry/lib/python3.12/site-packages/odometry/odometry_publisher666.py to odometry_publisher666.cpython-312.pyc
byte-compiling /home/asle/mas515v2/install/odometry/lib/python3.12/site-packages/odometry/odometry_publisher.py to odometry_publisher.cpython-312.pyc
byte-compiling /home/asle/mas515v2/install/odometry/lib/python3.12/site-packages/odometry/odometry_publisherv3.py to odometry_publisherv3.cpython-312.pyc
byte-compiling /home/asle/mas515v2/install/odometry/lib/python3.12/site-packages/odometry/odometry_publisherv2.py to odometry_publisherv2.cpython-312.pyc
byte-compiling /home/asle/mas515v2/install/odometry/lib/python3.12/site-packages/odometry/odometry_publisher888.py to odometry_publisher888.cpython-312.pyc
byte-compiling /home/asle/mas515v2/install/odometry/lib/python3.12/site-packages/odometry/velocity_publisher.py to velocity_publisher.cpython-312.pyc
byte-compiling /home/asle/mas515v2/install/odometry/lib/python3.12/site-packages/odometry/__init__.py to __init__.cpython-312.pyc
byte-compiling /home/asle/mas515v2/install/odometry/lib/python3.12/site-packages/odometry/odometry_publisher copy.py to odometry_publisher copy.cpython-312.pyc
byte-compiling /home/asle/mas515v2/install/odometry/lib/python3.12/site-packages/odometry/odometry_publisher999.py to odometry_publisher999.cpython-312.pyc
byte-compiling /home/asle/mas515v2/install/odometry/lib/python3.12/site-packages/odometry/odometry_publisherCurrent.py to odometry_publisherCurrent.cpython-312.pyc
byte-compiling /home/asle/mas515v2/install/odometry/lib/python3.12/site-packages/odometry/odometry_publisher101010.py to odometry_publisher101010.cpython-312.pyc
byte-compiling /home/asle/mas515v2/install/odometry/lib/python3.12/site-packages/odometry/odometry_publisher6667.py to odometry_publisher6667.cpython-312.pyc
byte-compiling /home/asle/mas515v2/install/odometry/lib/python3.12/site-packages/odometry/odometry_publisher333.py to odometry_publisher333.cpython-312.pyc
byte-compiling /home/asle/mas515v2/install/odometry/lib/python3.12/site-packages/odometry/odometry_publisher copy 2.py to odometry_publisher copy 2.cpython-312.pyc
running install_data
creating /home/asle/mas515v2/install/odometry/share/ament_index
creating /home/asle/mas515v2/install/odometry/share/ament_index/resource_index
creating /home/asle/mas515v2/install/odometry/share/ament_index/resource_index/packages
copying resource/odometry -> /home/asle/mas515v2/install/odometry/share/ament_index/resource_index/packages
copying package.xml -> /home/asle/mas515v2/install/odometry/share/odometry
running install_egg_info
Copying ../../../build/odometry/odometry.egg-info to /home/asle/mas515v2/install/odometry/lib/python3.12/site-packages/odometry-0.0.0-py3.12.egg-info
running install_scripts
Installing odometry_publisher script to /home/asle/mas515v2/install/odometry/lib/odometry
writing list of installed files to '/home/asle/mas515v2/build/odometry/install.log'
