[1.231s] Invoking command in '/home/uiabot/ros2_ws/src/robin_SAS': DEBUGINFOD_URLS=https://debuginfod.ubuntu.com PYTHONPATH=/home/uiabot/ros2_ws/build/robin_SAS/prefix_override:/usr/lib/python3/dist-packages/colcon_core/task/python/colcon_distutils_commands:/home/uiabot/ros2_ws/install/robin_SAS/lib/python3.12/site-packages:${PYTHONPATH} /usr/bin/python3 -W ignore:setup.py install is deprecated setup.py egg_info --egg-base ../../build/robin_SAS build --build-base /home/uiabot/ros2_ws/build/robin_SAS/build install --record /home/uiabot/ros2_ws/build/robin_SAS/install.log --single-version-externally-managed install_data
[1.577s] running egg_info
[1.601s] writing ../../build/robin_SAS/robin_SAS.egg-info/PKG-INFO
[1.601s] writing dependency_links to ../../build/robin_SAS/robin_SAS.egg-info/dependency_links.txt
[1.602s] writing entry points to ../../build/robin_SAS/robin_SAS.egg-info/entry_points.txt
[1.602s] writing requirements to ../../build/robin_SAS/robin_SAS.egg-info/requires.txt
[1.603s] writing top-level names to ../../build/robin_SAS/robin_SAS.egg-info/top_level.txt
[1.654s] reading manifest file '../../build/robin_SAS/robin_SAS.egg-info/SOURCES.txt'
[1.655s] writing manifest file '../../build/robin_SAS/robin_SAS.egg-info/SOURCES.txt'
[1.655s] running build
[1.656s] running build_py
[1.656s] copying robin_SAS/teleop_to_serial.py -> /home/uiabot/ros2_ws/build/robin_SAS/build/lib/robin_SAS
[1.656s] running install
[1.665s] running install_lib
[1.691s] copying /home/uiabot/ros2_ws/build/robin_SAS/build/lib/robin_SAS/teleop_to_serial.py -> /home/uiabot/ros2_ws/install/robin_SAS/lib/python3.12/site-packages/robin_SAS
[1.692s] byte-compiling /home/uiabot/ros2_ws/install/robin_SAS/lib/python3.12/site-packages/robin_SAS/teleop_to_serial.py to teleop_to_serial.cpython-312.pyc
[1.693s] running install_data
[1.693s] running install_egg_info
[1.720s] removing '/home/uiabot/ros2_ws/install/robin_SAS/lib/python3.12/site-packages/robin_SAS-0.0.0-py3.12.egg-info' (and everything under it)
[1.720s] Copying ../../build/robin_SAS/robin_SAS.egg-info to /home/uiabot/ros2_ws/install/robin_SAS/lib/python3.12/site-packages/robin_SAS-0.0.0-py3.12.egg-info
[1.722s] running install_scripts
[1.894s] Installing teleop_to_serial script to /home/uiabot/ros2_ws/install/robin_SAS/lib/robin_SAS
[1.894s] writing list of installed files to '/home/uiabot/ros2_ws/build/robin_SAS/install.log'
[1.974s] Invoked command in '/home/uiabot/ros2_ws/src/robin_SAS' returned '0': DEBUGINFOD_URLS=https://debuginfod.ubuntu.com PYTHONPATH=/home/uiabot/ros2_ws/build/robin_SAS/prefix_override:/usr/lib/python3/dist-packages/colcon_core/task/python/colcon_distutils_commands:/home/uiabot/ros2_ws/install/robin_SAS/lib/python3.12/site-packages:${PYTHONPATH} /usr/bin/python3 -W ignore:setup.py install is deprecated setup.py egg_info --egg-base ../../build/robin_SAS build --build-base /home/uiabot/ros2_ws/build/robin_SAS/build install --record /home/uiabot/ros2_ws/build/robin_SAS/install.log --single-version-externally-managed install_data
