[2.556s] Invoking command in '/home/uiabot/ros2_ws/src/bno055': DEBUGINFOD_URLS=https://debuginfod.ubuntu.com PYTHONPATH=/home/uiabot/ros2_ws/build/bno055/prefix_override:/usr/lib/python3/dist-packages/colcon_core/task/python/colcon_distutils_commands:/home/uiabot/ros2_ws/install/bno055/lib/python3.12/site-packages:${PYTHONPATH} /usr/bin/python3 -W ignore:setup.py install is deprecated setup.py egg_info --egg-base ../../build/bno055 build --build-base /home/uiabot/ros2_ws/build/bno055/build install --record /home/uiabot/ros2_ws/build/bno055/install.log --single-version-externally-managed install_data
[2.923s] running egg_info
[2.947s] writing ../../build/bno055/bno055.egg-info/PKG-INFO
[2.949s] writing dependency_links to ../../build/bno055/bno055.egg-info/dependency_links.txt
[2.949s] writing entry points to ../../build/bno055/bno055.egg-info/entry_points.txt
[2.949s] writing requirements to ../../build/bno055/bno055.egg-info/requires.txt
[2.949s] writing top-level names to ../../build/bno055/bno055.egg-info/top_level.txt
[3.001s] reading manifest file '../../build/bno055/bno055.egg-info/SOURCES.txt'
[3.033s] adding license file 'LICENSE'
[3.033s] adding license file 'AUTHORS'
[3.034s] writing manifest file '../../build/bno055/bno055.egg-info/SOURCES.txt'
[3.034s] running build
[3.034s] running build_py
[3.060s] running install
[3.070s] running install_lib
[3.104s] running install_data
[3.106s] running install_egg_info
[3.133s] removing '/home/uiabot/ros2_ws/install/bno055/lib/python3.12/site-packages/bno055-0.5.0-py3.12.egg-info' (and everything under it)
[3.133s] Copying ../../build/bno055/bno055.egg-info to /home/uiabot/ros2_ws/install/bno055/lib/python3.12/site-packages/bno055-0.5.0-py3.12.egg-info
[3.146s] running install_scripts
[3.328s] Installing bno055 script to /home/uiabot/ros2_ws/install/bno055/lib/bno055
[3.329s] writing list of installed files to '/home/uiabot/ros2_ws/build/bno055/install.log'
[3.441s] Invoked command in '/home/uiabot/ros2_ws/src/bno055' returned '0': DEBUGINFOD_URLS=https://debuginfod.ubuntu.com PYTHONPATH=/home/uiabot/ros2_ws/build/bno055/prefix_override:/usr/lib/python3/dist-packages/colcon_core/task/python/colcon_distutils_commands:/home/uiabot/ros2_ws/install/bno055/lib/python3.12/site-packages:${PYTHONPATH} /usr/bin/python3 -W ignore:setup.py install is deprecated setup.py egg_info --egg-base ../../build/bno055 build --build-base /home/uiabot/ros2_ws/build/bno055/build install --record /home/uiabot/ros2_ws/build/bno055/install.log --single-version-externally-managed install_data
