[0.662s] Invoking command in '/home/uiabot/ros2_ws/build/rplidar_ros': CMAKE_PREFIX_PATH=/home/uiabot/ros2_ws/install/robin_SAS:/home/uiabot/ros2_ws/install/bno055:/opt/ros/jazzy:${CMAKE_PREFIX_PATH} DEBUGINFOD_URLS=https://debuginfod.ubuntu.com /usr/bin/cmake --build /home/uiabot/ros2_ws/build/rplidar_ros -- -j4 -l4
[1.189s] [  5%] Built target rplidar_client
[1.201s] [100%] Built target rplidar_composition
[1.201s] [100%] Built target rplidar_node
[1.221s] Invoked command in '/home/uiabot/ros2_ws/build/rplidar_ros' returned '0': CMAKE_PREFIX_PATH=/home/uiabot/ros2_ws/install/robin_SAS:/home/uiabot/ros2_ws/install/bno055:/opt/ros/jazzy:${CMAKE_PREFIX_PATH} DEBUGINFOD_URLS=https://debuginfod.ubuntu.com /usr/bin/cmake --build /home/uiabot/ros2_ws/build/rplidar_ros -- -j4 -l4
[1.334s] Invoking command in '/home/uiabot/ros2_ws/build/rplidar_ros': CMAKE_PREFIX_PATH=/home/uiabot/ros2_ws/install/robin_SAS:/home/uiabot/ros2_ws/install/bno055:/opt/ros/jazzy:${CMAKE_PREFIX_PATH} DEBUGINFOD_URLS=https://debuginfod.ubuntu.com /usr/bin/cmake --install /home/uiabot/ros2_ws/build/rplidar_ros
[1.349s] -- Install configuration: ""
[1.351s] -- Execute custom install script
[1.359s] -- Up-to-date symlink: /home/uiabot/ros2_ws/install/rplidar_ros/share/rplidar_ros/launch/rplidar_a1_launch.py
[1.360s] -- Up-to-date symlink: /home/uiabot/ros2_ws/install/rplidar_ros/share/rplidar_ros/launch/rplidar_a2m12_launch.py
[1.361s] -- Up-to-date symlink: /home/uiabot/ros2_ws/install/rplidar_ros/share/rplidar_ros/launch/rplidar_a2m7_launch.py
[1.362s] -- Up-to-date symlink: /home/uiabot/ros2_ws/install/rplidar_ros/share/rplidar_ros/launch/rplidar_a2m8_launch.py
[1.363s] -- Up-to-date symlink: /home/uiabot/ros2_ws/install/rplidar_ros/share/rplidar_ros/launch/rplidar_a3_launch.py
[1.364s] -- Up-to-date symlink: /home/uiabot/ros2_ws/install/rplidar_ros/share/rplidar_ros/launch/rplidar_c1_launch.py
[1.365s] -- Up-to-date symlink: /home/uiabot/ros2_ws/install/rplidar_ros/share/rplidar_ros/launch/rplidar_s1_launch.py
[1.366s] -- Up-to-date symlink: /home/uiabot/ros2_ws/install/rplidar_ros/share/rplidar_ros/launch/rplidar_s1_tcp_launch.py
[1.367s] -- Up-to-date symlink: /home/uiabot/ros2_ws/install/rplidar_ros/share/rplidar_ros/launch/rplidar_s2_launch.py
[1.368s] -- Up-to-date symlink: /home/uiabot/ros2_ws/install/rplidar_ros/share/rplidar_ros/launch/rplidar_s2e_launch.py
[1.369s] -- Up-to-date symlink: /home/uiabot/ros2_ws/install/rplidar_ros/share/rplidar_ros/launch/rplidar_s3_launch.py
[1.370s] -- Up-to-date symlink: /home/uiabot/ros2_ws/install/rplidar_ros/share/rplidar_ros/launch/rplidar_t1_launch.py
[1.371s] -- Up-to-date symlink: /home/uiabot/ros2_ws/install/rplidar_ros/share/rplidar_ros/launch/view_rplidar_a1_launch.py
[1.372s] -- Up-to-date symlink: /home/uiabot/ros2_ws/install/rplidar_ros/share/rplidar_ros/launch/view_rplidar_a2m12_launch.py
[1.373s] -- Up-to-date symlink: /home/uiabot/ros2_ws/install/rplidar_ros/share/rplidar_ros/launch/view_rplidar_a2m7_launch.py
[1.374s] -- Up-to-date symlink: /home/uiabot/ros2_ws/install/rplidar_ros/share/rplidar_ros/launch/view_rplidar_a2m8_launch.py
[1.375s] -- Up-to-date symlink: /home/uiabot/ros2_ws/install/rplidar_ros/share/rplidar_ros/launch/view_rplidar_a3_launch.py
[1.376s] -- Up-to-date symlink: /home/uiabot/ros2_ws/install/rplidar_ros/share/rplidar_ros/launch/view_rplidar_c1_launch.py
[1.377s] -- Up-to-date symlink: /home/uiabot/ros2_ws/install/rplidar_ros/share/rplidar_ros/launch/view_rplidar_s1_launch.py
[1.378s] -- Up-to-date symlink: /home/uiabot/ros2_ws/install/rplidar_ros/share/rplidar_ros/launch/view_rplidar_s1_tcp_launch.py
[1.379s] -- Up-to-date symlink: /home/uiabot/ros2_ws/install/rplidar_ros/share/rplidar_ros/launch/view_rplidar_s2_launch.py
[1.380s] -- Up-to-date symlink: /home/uiabot/ros2_ws/install/rplidar_ros/share/rplidar_ros/launch/view_rplidar_s2e_launch.py
[1.381s] -- Up-to-date symlink: /home/uiabot/ros2_ws/install/rplidar_ros/share/rplidar_ros/launch/view_rplidar_s3_launch.py
[1.382s] -- Up-to-date symlink: /home/uiabot/ros2_ws/install/rplidar_ros/share/rplidar_ros/launch/view_rplidar_t1_launch.py
[1.384s] -- Up-to-date symlink: /home/uiabot/ros2_ws/install/rplidar_ros/share/rplidar_ros/rviz/rplidar_ros.rviz
[1.387s] -- Up-to-date symlink: /home/uiabot/ros2_ws/install/rplidar_ros/lib/rplidar_ros/rplidar_node
[1.388s] -- Up-to-date symlink: /home/uiabot/ros2_ws/install/rplidar_ros/lib/rplidar_ros/rplidar_composition
[1.388s] -- Up-to-date symlink: /home/uiabot/ros2_ws/install/rplidar_ros/lib/rplidar_ros/rplidar_client
[1.388s] -- Up-to-date symlink: /home/uiabot/ros2_ws/install/rplidar_ros/share/ament_index/resource_index/package_run_dependencies/rplidar_ros
[1.390s] -- Up-to-date symlink: /home/uiabot/ros2_ws/install/rplidar_ros/share/ament_index/resource_index/parent_prefix_path/rplidar_ros
[1.391s] -- Up-to-date symlink: /home/uiabot/ros2_ws/install/rplidar_ros/share/rplidar_ros/environment/ament_prefix_path.sh
[1.392s] -- Up-to-date symlink: /home/uiabot/ros2_ws/install/rplidar_ros/share/rplidar_ros/environment/ament_prefix_path.dsv
[1.393s] -- Up-to-date symlink: /home/uiabot/ros2_ws/install/rplidar_ros/share/rplidar_ros/environment/path.sh
[1.393s] -- Up-to-date symlink: /home/uiabot/ros2_ws/install/rplidar_ros/share/rplidar_ros/environment/path.dsv
[1.394s] -- Up-to-date symlink: /home/uiabot/ros2_ws/install/rplidar_ros/share/rplidar_ros/local_setup.bash
[1.395s] -- Up-to-date symlink: /home/uiabot/ros2_ws/install/rplidar_ros/share/rplidar_ros/local_setup.sh
[1.396s] -- Up-to-date symlink: /home/uiabot/ros2_ws/install/rplidar_ros/share/rplidar_ros/local_setup.zsh
[1.396s] -- Up-to-date symlink: /home/uiabot/ros2_ws/install/rplidar_ros/share/rplidar_ros/local_setup.dsv
[1.397s] -- Symlinking: /home/uiabot/ros2_ws/install/rplidar_ros/share/rplidar_ros/package.dsv
[1.418s] -- Up-to-date symlink: /home/uiabot/ros2_ws/install/rplidar_ros/share/ament_index/resource_index/packages/rplidar_ros
[1.420s] -- Up-to-date symlink: /home/uiabot/ros2_ws/install/rplidar_ros/share/rplidar_ros/cmake/ament_cmake_export_dependencies-extras.cmake
[1.421s] -- Up-to-date symlink: /home/uiabot/ros2_ws/install/rplidar_ros/share/rplidar_ros/cmake/ament_cmake_export_include_directories-extras.cmake
[1.422s] -- Up-to-date symlink: /home/uiabot/ros2_ws/install/rplidar_ros/share/rplidar_ros/cmake/rplidar_rosConfig.cmake
[1.423s] -- Up-to-date symlink: /home/uiabot/ros2_ws/install/rplidar_ros/share/rplidar_ros/cmake/rplidar_rosConfig-version.cmake
[1.424s] -- Up-to-date symlink: /home/uiabot/ros2_ws/install/rplidar_ros/share/rplidar_ros/package.xml
[1.428s] Invoked command in '/home/uiabot/ros2_ws/build/rplidar_ros' returned '0': CMAKE_PREFIX_PATH=/home/uiabot/ros2_ws/install/robin_SAS:/home/uiabot/ros2_ws/install/bno055:/opt/ros/jazzy:${CMAKE_PREFIX_PATH} DEBUGINFOD_URLS=https://debuginfod.ubuntu.com /usr/bin/cmake --install /home/uiabot/ros2_ws/build/rplidar_ros
