[0.145s] DEBUG:colcon:Command line arguments: ['/usr/bin/colcon', 'build']
[0.145s] DEBUG:colcon:Parsed command line arguments: Namespace(log_base=None, log_level=None, verb_name='build', build_base='build', install_base='install', merge_install=False, symlink_install=False, test_result_base=None, continue_on_error=False, executor='parallel', parallel_workers=4, event_handlers=None, ignore_user_meta=False, metas=['./colcon.meta'], base_paths=['.'], packages_ignore=None, packages_ignore_regex=None, paths=None, packages_up_to=None, packages_up_to_regex=None, packages_above=None, packages_above_and_dependencies=None, packages_above_depth=None, packages_select_by_dep=None, packages_skip_by_dep=None, packages_skip_up_to=None, packages_select_build_failed=False, packages_skip_build_finished=False, packages_select_test_failures=False, packages_skip_test_passed=False, packages_select=None, packages_skip=None, packages_select_regex=None, packages_skip_regex=None, packages_start=None, packages_end=None, allow_overriding=[], cmake_args=None, cmake_target=None, cmake_target_skip_unavailable=False, cmake_clean_cache=False, cmake_clean_first=False, cmake_force_configure=False, ament_cmake_args=None, catkin_cmake_args=None, catkin_skip_building_tests=False, mixin_files=None, mixin=None, verb_parser=<colcon_mixin.mixin.mixin_argument.MixinArgumentDecorator object at 0xffffa0cf9d00>, verb_extension=<colcon_core.verb.build.BuildVerb object at 0xffffa0e83380>, main=<bound method BuildVerb.main of <colcon_core.verb.build.BuildVerb object at 0xffffa0e83380>>, mixin_verb=('build',))
[0.195s] Level 1:colcon.colcon_core.package_discovery:discover_packages(colcon_meta) check parameters
[0.195s] Level 1:colcon.colcon_core.package_discovery:discover_packages(recursive) check parameters
[0.195s] Level 1:colcon.colcon_core.package_discovery:discover_packages(ignore) check parameters
[0.195s] Level 1:colcon.colcon_core.package_discovery:discover_packages(path) check parameters
[0.195s] Level 1:colcon.colcon_core.package_discovery:discover_packages(colcon_meta) discover
[0.196s] Level 1:colcon.colcon_core.package_discovery:discover_packages(recursive) discover
[0.196s] INFO:colcon.colcon_core.package_discovery:Crawling recursively for packages in '/home/uiabot/ros2_ws'
[0.196s] Level 1:colcon.colcon_core.package_identification:_identify(.) by extensions ['ignore', 'ignore_ament_install']
[0.196s] Level 1:colcon.colcon_core.package_identification:_identify(.) by extension 'ignore'
[0.196s] Level 1:colcon.colcon_core.package_identification:_identify(.) by extension 'ignore_ament_install'
[0.196s] Level 1:colcon.colcon_core.package_identification:_identify(.) by extensions ['colcon_pkg']
[0.196s] Level 1:colcon.colcon_core.package_identification:_identify(.) by extension 'colcon_pkg'
[0.196s] Level 1:colcon.colcon_core.package_identification:_identify(.) by extensions ['colcon_meta']
[0.196s] Level 1:colcon.colcon_core.package_identification:_identify(.) by extension 'colcon_meta'
[0.196s] Level 1:colcon.colcon_core.package_identification:_identify(.) by extensions ['ros']
[0.196s] Level 1:colcon.colcon_core.package_identification:_identify(.) by extension 'ros'
[0.234s] Level 1:colcon.colcon_core.package_identification:_identify(.) by extensions ['cmake', 'python']
[0.234s] Level 1:colcon.colcon_core.package_identification:_identify(.) by extension 'cmake'
[0.234s] Level 1:colcon.colcon_core.package_identification:_identify(.) by extension 'python'
[0.234s] Level 1:colcon.colcon_core.package_identification:_identify(.) by extensions ['python_setup_py']
[0.234s] Level 1:colcon.colcon_core.package_identification:_identify(.) by extension 'python_setup_py'
[0.234s] Level 1:colcon.colcon_core.package_identification:_identify(build) by extensions ['ignore', 'ignore_ament_install']
[0.234s] Level 1:colcon.colcon_core.package_identification:_identify(build) by extension 'ignore'
[0.235s] Level 1:colcon.colcon_core.package_identification:_identify(build) ignored
[0.235s] Level 1:colcon.colcon_core.package_identification:_identify(install) by extensions ['ignore', 'ignore_ament_install']
[0.235s] Level 1:colcon.colcon_core.package_identification:_identify(install) by extension 'ignore'
[0.235s] Level 1:colcon.colcon_core.package_identification:_identify(install) ignored
[0.235s] Level 1:colcon.colcon_core.package_identification:_identify(log) by extensions ['ignore', 'ignore_ament_install']
[0.235s] Level 1:colcon.colcon_core.package_identification:_identify(log) by extension 'ignore'
[0.235s] Level 1:colcon.colcon_core.package_identification:_identify(log) ignored
[0.235s] Level 1:colcon.colcon_core.package_identification:_identify(src) by extensions ['ignore', 'ignore_ament_install']
[0.235s] Level 1:colcon.colcon_core.package_identification:_identify(src) by extension 'ignore'
[0.235s] Level 1:colcon.colcon_core.package_identification:_identify(src) by extension 'ignore_ament_install'
[0.235s] Level 1:colcon.colcon_core.package_identification:_identify(src) by extensions ['colcon_pkg']
[0.235s] Level 1:colcon.colcon_core.package_identification:_identify(src) by extension 'colcon_pkg'
[0.235s] Level 1:colcon.colcon_core.package_identification:_identify(src) by extensions ['colcon_meta']
[0.235s] Level 1:colcon.colcon_core.package_identification:_identify(src) by extension 'colcon_meta'
[0.236s] Level 1:colcon.colcon_core.package_identification:_identify(src) by extensions ['ros']
[0.236s] Level 1:colcon.colcon_core.package_identification:_identify(src) by extension 'ros'
[0.236s] Level 1:colcon.colcon_core.package_identification:_identify(src) by extensions ['cmake', 'python']
[0.236s] Level 1:colcon.colcon_core.package_identification:_identify(src) by extension 'cmake'
[0.236s] Level 1:colcon.colcon_core.package_identification:_identify(src) by extension 'python'
[0.236s] Level 1:colcon.colcon_core.package_identification:_identify(src) by extensions ['python_setup_py']
[0.236s] Level 1:colcon.colcon_core.package_identification:_identify(src) by extension 'python_setup_py'
[0.236s] Level 1:colcon.colcon_core.package_identification:_identify(src/robin_SAS) by extensions ['ignore', 'ignore_ament_install']
[0.236s] Level 1:colcon.colcon_core.package_identification:_identify(src/robin_SAS) by extension 'ignore'
[0.236s] Level 1:colcon.colcon_core.package_identification:_identify(src/robin_SAS) by extension 'ignore_ament_install'
[0.236s] Level 1:colcon.colcon_core.package_identification:_identify(src/robin_SAS) by extensions ['colcon_pkg']
[0.236s] Level 1:colcon.colcon_core.package_identification:_identify(src/robin_SAS) by extension 'colcon_pkg'
[0.236s] Level 1:colcon.colcon_core.package_identification:_identify(src/robin_SAS) by extensions ['colcon_meta']
[0.236s] Level 1:colcon.colcon_core.package_identification:_identify(src/robin_SAS) by extension 'colcon_meta'
[0.236s] Level 1:colcon.colcon_core.package_identification:_identify(src/robin_SAS) by extensions ['ros']
[0.236s] Level 1:colcon.colcon_core.package_identification:_identify(src/robin_SAS) by extension 'ros'
[0.239s] DEBUG:colcon.colcon_core.package_identification:Package 'src/robin_SAS' with type 'ros.ament_python' and name 'robin_SAS'
[0.239s] Level 1:colcon.colcon_core.package_identification:_identify(src/rplidar_ros) by extensions ['ignore', 'ignore_ament_install']
[0.240s] Level 1:colcon.colcon_core.package_identification:_identify(src/rplidar_ros) by extension 'ignore'
[0.240s] Level 1:colcon.colcon_core.package_identification:_identify(src/rplidar_ros) by extension 'ignore_ament_install'
[0.240s] Level 1:colcon.colcon_core.package_identification:_identify(src/rplidar_ros) by extensions ['colcon_pkg']
[0.240s] Level 1:colcon.colcon_core.package_identification:_identify(src/rplidar_ros) by extension 'colcon_pkg'
[0.240s] Level 1:colcon.colcon_core.package_identification:_identify(src/rplidar_ros) by extensions ['colcon_meta']
[0.240s] Level 1:colcon.colcon_core.package_identification:_identify(src/rplidar_ros) by extension 'colcon_meta'
[0.240s] Level 1:colcon.colcon_core.package_identification:_identify(src/rplidar_ros) by extensions ['ros']
[0.240s] Level 1:colcon.colcon_core.package_identification:_identify(src/rplidar_ros) by extension 'ros'
[0.241s] DEBUG:colcon.colcon_core.package_identification:Package 'src/rplidar_ros' with type 'ros.ament_cmake' and name 'rplidar_ros'
[0.241s] Level 1:colcon.colcon_core.package_discovery:discover_packages(recursive) using defaults
[0.241s] Level 1:colcon.colcon_core.package_discovery:discover_packages(ignore) discover
[0.241s] Level 1:colcon.colcon_core.package_discovery:discover_packages(ignore) using defaults
[0.241s] Level 1:colcon.colcon_core.package_discovery:discover_packages(path) discover
[0.241s] Level 1:colcon.colcon_core.package_discovery:discover_packages(path) using defaults
[0.264s] Level 1:colcon.colcon_core.package_discovery:discover_packages(prefix_path) check parameters
[0.264s] Level 1:colcon.colcon_core.package_discovery:discover_packages(prefix_path) discover
[0.267s] DEBUG:colcon.colcon_installed_package_information.package_discovery:Found 2 installed packages in /home/uiabot/ros2_ws/install
[0.269s] DEBUG:colcon.colcon_installed_package_information.package_discovery:Found 285 installed packages in /opt/ros/jazzy
[0.270s] Level 1:colcon.colcon_core.package_discovery:discover_packages(prefix_path) using defaults
[0.329s] Level 5:colcon.colcon_core.verb:set package 'robin_SAS' build argument 'cmake_args' from command line to 'None'
[0.329s] Level 5:colcon.colcon_core.verb:set package 'robin_SAS' build argument 'cmake_target' from command line to 'None'
[0.329s] Level 5:colcon.colcon_core.verb:set package 'robin_SAS' build argument 'cmake_target_skip_unavailable' from command line to 'False'
[0.329s] Level 5:colcon.colcon_core.verb:set package 'robin_SAS' build argument 'cmake_clean_cache' from command line to 'False'
[0.329s] Level 5:colcon.colcon_core.verb:set package 'robin_SAS' build argument 'cmake_clean_first' from command line to 'False'
[0.329s] Level 5:colcon.colcon_core.verb:set package 'robin_SAS' build argument 'cmake_force_configure' from command line to 'False'
[0.329s] Level 5:colcon.colcon_core.verb:set package 'robin_SAS' build argument 'ament_cmake_args' from command line to 'None'
[0.329s] Level 5:colcon.colcon_core.verb:set package 'robin_SAS' build argument 'catkin_cmake_args' from command line to 'None'
[0.329s] Level 5:colcon.colcon_core.verb:set package 'robin_SAS' build argument 'catkin_skip_building_tests' from command line to 'False'
[0.329s] DEBUG:colcon.colcon_core.verb:Building package 'robin_SAS' with the following arguments: {'ament_cmake_args': None, 'build_base': '/home/uiabot/ros2_ws/build/robin_SAS', 'catkin_cmake_args': None, 'catkin_skip_building_tests': False, 'cmake_args': None, 'cmake_clean_cache': False, 'cmake_clean_first': False, 'cmake_force_configure': False, 'cmake_target': None, 'cmake_target_skip_unavailable': False, 'install_base': '/home/uiabot/ros2_ws/install/robin_SAS', 'merge_install': False, 'path': '/home/uiabot/ros2_ws/src/robin_SAS', 'symlink_install': False, 'test_result_base': None}
[0.330s] Level 5:colcon.colcon_core.verb:set package 'rplidar_ros' build argument 'cmake_args' from command line to 'None'
[0.330s] Level 5:colcon.colcon_core.verb:set package 'rplidar_ros' build argument 'cmake_target' from command line to 'None'
[0.330s] Level 5:colcon.colcon_core.verb:set package 'rplidar_ros' build argument 'cmake_target_skip_unavailable' from command line to 'False'
[0.330s] Level 5:colcon.colcon_core.verb:set package 'rplidar_ros' build argument 'cmake_clean_cache' from command line to 'False'
[0.330s] Level 5:colcon.colcon_core.verb:set package 'rplidar_ros' build argument 'cmake_clean_first' from command line to 'False'
[0.330s] Level 5:colcon.colcon_core.verb:set package 'rplidar_ros' build argument 'cmake_force_configure' from command line to 'False'
[0.330s] Level 5:colcon.colcon_core.verb:set package 'rplidar_ros' build argument 'ament_cmake_args' from command line to 'None'
[0.330s] Level 5:colcon.colcon_core.verb:set package 'rplidar_ros' build argument 'catkin_cmake_args' from command line to 'None'
[0.330s] Level 5:colcon.colcon_core.verb:set package 'rplidar_ros' build argument 'catkin_skip_building_tests' from command line to 'False'
[0.330s] DEBUG:colcon.colcon_core.verb:Building package 'rplidar_ros' with the following arguments: {'ament_cmake_args': None, 'build_base': '/home/uiabot/ros2_ws/build/rplidar_ros', 'catkin_cmake_args': None, 'catkin_skip_building_tests': False, 'cmake_args': None, 'cmake_clean_cache': False, 'cmake_clean_first': False, 'cmake_force_configure': False, 'cmake_target': None, 'cmake_target_skip_unavailable': False, 'install_base': '/home/uiabot/ros2_ws/install/rplidar_ros', 'merge_install': False, 'path': '/home/uiabot/ros2_ws/src/rplidar_ros', 'symlink_install': False, 'test_result_base': None}
[0.330s] INFO:colcon.colcon_core.executor:Executing jobs using 'parallel' executor
[0.331s] DEBUG:colcon.colcon_parallel_executor.executor.parallel:run_until_complete
[0.332s] INFO:colcon.colcon_ros.task.ament_python.build:Building ROS package in '/home/uiabot/ros2_ws/src/robin_SAS' with build type 'ament_python'
[0.332s] Level 1:colcon.colcon_core.shell:create_environment_hook('robin_SAS', 'ament_prefix_path')
[0.334s] INFO:colcon.colcon_core.plugin_system:Skipping extension 'colcon_core.shell.bat': Not used on non-Windows systems
[0.334s] INFO:colcon.colcon_core.shell:Creating environment hook '/home/uiabot/ros2_ws/install/robin_SAS/share/robin_SAS/hook/ament_prefix_path.ps1'
[0.335s] INFO:colcon.colcon_core.shell:Creating environment descriptor '/home/uiabot/ros2_ws/install/robin_SAS/share/robin_SAS/hook/ament_prefix_path.dsv'
[0.336s] INFO:colcon.colcon_core.shell:Creating environment hook '/home/uiabot/ros2_ws/install/robin_SAS/share/robin_SAS/hook/ament_prefix_path.sh'
[0.337s] INFO:colcon.colcon_core.shell:Skip shell extension 'powershell' for command environment: Not usable outside of PowerShell
[0.337s] DEBUG:colcon.colcon_core.shell:Skip shell extension 'dsv' for command environment
[0.342s] INFO:colcon.colcon_ros.task.ament_cmake.build:Building ROS package in '/home/uiabot/ros2_ws/src/rplidar_ros' with build type 'ament_cmake'
[0.342s] INFO:colcon.colcon_cmake.task.cmake.build:Building CMake package in '/home/uiabot/ros2_ws/src/rplidar_ros'
[0.342s] INFO:colcon.colcon_core.shell:Skip shell extension 'powershell' for command environment: Not usable outside of PowerShell
[0.342s] DEBUG:colcon.colcon_core.shell:Skip shell extension 'dsv' for command environment
[0.659s] INFO:colcon.colcon_core.task.python.build:Building Python package in '/home/uiabot/ros2_ws/src/robin_SAS'
[0.659s] INFO:colcon.colcon_core.shell:Skip shell extension 'powershell' for command environment: Not usable outside of PowerShell
[0.659s] DEBUG:colcon.colcon_core.shell:Skip shell extension 'dsv' for command environment
[0.669s] DEBUG:colcon.colcon_core.event_handler.log_command:Invoking command in '/home/uiabot/ros2_ws/build/rplidar_ros': CMAKE_PREFIX_PATH=/home/uiabot/ros2_ws/install/robin_SAS:/opt/ros/jazzy:${CMAKE_PREFIX_PATH} DEBUGINFOD_URLS=https://debuginfod.ubuntu.com /usr/bin/cmake --build /home/uiabot/ros2_ws/build/rplidar_ros -- -j4 -l4
[0.812s] DEBUG:colcon.colcon_core.event_handler.log_command:Invoked command in '/home/uiabot/ros2_ws/build/rplidar_ros' returned '0': CMAKE_PREFIX_PATH=/home/uiabot/ros2_ws/install/robin_SAS:/opt/ros/jazzy:${CMAKE_PREFIX_PATH} DEBUGINFOD_URLS=https://debuginfod.ubuntu.com /usr/bin/cmake --build /home/uiabot/ros2_ws/build/rplidar_ros -- -j4 -l4
[0.913s] DEBUG:colcon.colcon_core.event_handler.log_command:Invoking command in '/home/uiabot/ros2_ws/build/rplidar_ros': CMAKE_PREFIX_PATH=/home/uiabot/ros2_ws/install/robin_SAS:/opt/ros/jazzy:${CMAKE_PREFIX_PATH} DEBUGINFOD_URLS=https://debuginfod.ubuntu.com /usr/bin/cmake --install /home/uiabot/ros2_ws/build/rplidar_ros
[0.955s] Level 1:colcon.colcon_core.environment:create_environment_scripts_only(rplidar_ros)
[0.955s] DEBUG:colcon.colcon_core.event_handler.log_command:Invoked command in '/home/uiabot/ros2_ws/build/rplidar_ros' returned '0': CMAKE_PREFIX_PATH=/home/uiabot/ros2_ws/install/robin_SAS:/opt/ros/jazzy:${CMAKE_PREFIX_PATH} DEBUGINFOD_URLS=https://debuginfod.ubuntu.com /usr/bin/cmake --install /home/uiabot/ros2_ws/build/rplidar_ros
[0.958s] Level 1:colcon.colcon_core.environment:checking '/home/uiabot/ros2_ws/install/rplidar_ros' for CMake module files
[0.959s] Level 1:colcon.colcon_core.environment:checking '/home/uiabot/ros2_ws/install/rplidar_ros' for CMake config files
[0.959s] Level 1:colcon.colcon_core.shell:create_environment_hook('rplidar_ros', 'cmake_prefix_path')
[0.960s] INFO:colcon.colcon_core.shell:Creating environment hook '/home/uiabot/ros2_ws/install/rplidar_ros/share/rplidar_ros/hook/cmake_prefix_path.ps1'
[0.960s] INFO:colcon.colcon_core.shell:Creating environment descriptor '/home/uiabot/ros2_ws/install/rplidar_ros/share/rplidar_ros/hook/cmake_prefix_path.dsv'
[0.961s] INFO:colcon.colcon_core.shell:Creating environment hook '/home/uiabot/ros2_ws/install/rplidar_ros/share/rplidar_ros/hook/cmake_prefix_path.sh'
[0.962s] Level 1:colcon.colcon_core.environment:checking '/home/uiabot/ros2_ws/install/rplidar_ros/lib'
[0.962s] Level 1:colcon.colcon_core.environment:checking '/home/uiabot/ros2_ws/install/rplidar_ros/bin'
[0.963s] Level 1:colcon.colcon_core.environment:checking '/home/uiabot/ros2_ws/install/rplidar_ros/lib/pkgconfig/rplidar_ros.pc'
[0.963s] Level 1:colcon.colcon_core.environment:checking '/home/uiabot/ros2_ws/install/rplidar_ros/lib/python3.12/site-packages'
[0.963s] Level 1:colcon.colcon_core.environment:checking '/home/uiabot/ros2_ws/install/rplidar_ros/bin'
[0.964s] INFO:colcon.colcon_core.shell:Creating package script '/home/uiabot/ros2_ws/install/rplidar_ros/share/rplidar_ros/package.ps1'
[0.964s] INFO:colcon.colcon_core.shell:Creating package descriptor '/home/uiabot/ros2_ws/install/rplidar_ros/share/rplidar_ros/package.dsv'
[0.965s] INFO:colcon.colcon_core.shell:Creating package script '/home/uiabot/ros2_ws/install/rplidar_ros/share/rplidar_ros/package.sh'
[0.966s] INFO:colcon.colcon_core.shell:Creating package script '/home/uiabot/ros2_ws/install/rplidar_ros/share/rplidar_ros/package.bash'
[0.967s] INFO:colcon.colcon_core.shell:Creating package script '/home/uiabot/ros2_ws/install/rplidar_ros/share/rplidar_ros/package.zsh'
[0.968s] Level 1:colcon.colcon_core.environment:create_file_with_runtime_dependencies(/home/uiabot/ros2_ws/install/rplidar_ros/share/colcon-core/packages/rplidar_ros)
[1.052s] Level 1:colcon.colcon_core.environment:create_environment_scripts_only(rplidar_ros)
[1.053s] Level 1:colcon.colcon_core.environment:checking '/home/uiabot/ros2_ws/install/rplidar_ros' for CMake module files
[1.053s] Level 1:colcon.colcon_core.environment:checking '/home/uiabot/ros2_ws/install/rplidar_ros' for CMake config files
[1.054s] Level 1:colcon.colcon_core.shell:create_environment_hook('rplidar_ros', 'cmake_prefix_path')
[1.054s] INFO:colcon.colcon_core.shell:Creating environment hook '/home/uiabot/ros2_ws/install/rplidar_ros/share/rplidar_ros/hook/cmake_prefix_path.ps1'
[1.055s] INFO:colcon.colcon_core.shell:Creating environment descriptor '/home/uiabot/ros2_ws/install/rplidar_ros/share/rplidar_ros/hook/cmake_prefix_path.dsv'
[1.057s] INFO:colcon.colcon_core.shell:Creating environment hook '/home/uiabot/ros2_ws/install/rplidar_ros/share/rplidar_ros/hook/cmake_prefix_path.sh'
[1.058s] Level 1:colcon.colcon_core.environment:checking '/home/uiabot/ros2_ws/install/rplidar_ros/lib'
[1.059s] Level 1:colcon.colcon_core.environment:checking '/home/uiabot/ros2_ws/install/rplidar_ros/bin'
[1.059s] Level 1:colcon.colcon_core.environment:checking '/home/uiabot/ros2_ws/install/rplidar_ros/lib/pkgconfig/rplidar_ros.pc'
[1.059s] Level 1:colcon.colcon_core.environment:checking '/home/uiabot/ros2_ws/install/rplidar_ros/lib/python3.12/site-packages'
[1.059s] Level 1:colcon.colcon_core.environment:checking '/home/uiabot/ros2_ws/install/rplidar_ros/bin'
[1.060s] INFO:colcon.colcon_core.shell:Creating package script '/home/uiabot/ros2_ws/install/rplidar_ros/share/rplidar_ros/package.ps1'
[1.061s] INFO:colcon.colcon_core.shell:Creating package descriptor '/home/uiabot/ros2_ws/install/rplidar_ros/share/rplidar_ros/package.dsv'
[1.062s] INFO:colcon.colcon_core.shell:Creating package script '/home/uiabot/ros2_ws/install/rplidar_ros/share/rplidar_ros/package.sh'
[1.063s] INFO:colcon.colcon_core.shell:Creating package script '/home/uiabot/ros2_ws/install/rplidar_ros/share/rplidar_ros/package.bash'
[1.065s] INFO:colcon.colcon_core.shell:Creating package script '/home/uiabot/ros2_ws/install/rplidar_ros/share/rplidar_ros/package.zsh'
[1.067s] Level 1:colcon.colcon_core.environment:create_file_with_runtime_dependencies(/home/uiabot/ros2_ws/install/rplidar_ros/share/colcon-core/packages/rplidar_ros)
[1.563s] DEBUG:colcon.colcon_core.event_handler.log_command:Invoking command in '/home/uiabot/ros2_ws/src/robin_SAS': DEBUGINFOD_URLS=https://debuginfod.ubuntu.com PYTHONPATH=/home/uiabot/ros2_ws/build/robin_SAS/prefix_override:/usr/lib/python3/dist-packages/colcon_core/task/python/colcon_distutils_commands:/home/uiabot/ros2_ws/install/robin_SAS/lib/python3.12/site-packages:${PYTHONPATH} /usr/bin/python3 -W ignore:setup.py install is deprecated setup.py egg_info --egg-base ../../build/robin_SAS build --build-base /home/uiabot/ros2_ws/build/robin_SAS/build install --record /home/uiabot/ros2_ws/build/robin_SAS/install.log --single-version-externally-managed install_data
[2.305s] Level 1:colcon.colcon_core.environment:checking '/home/uiabot/ros2_ws/install/robin_SAS' for CMake module files
[2.306s] DEBUG:colcon.colcon_core.event_handler.log_command:Invoked command in '/home/uiabot/ros2_ws/src/robin_SAS' returned '0': DEBUGINFOD_URLS=https://debuginfod.ubuntu.com PYTHONPATH=/home/uiabot/ros2_ws/build/robin_SAS/prefix_override:/usr/lib/python3/dist-packages/colcon_core/task/python/colcon_distutils_commands:/home/uiabot/ros2_ws/install/robin_SAS/lib/python3.12/site-packages:${PYTHONPATH} /usr/bin/python3 -W ignore:setup.py install is deprecated setup.py egg_info --egg-base ../../build/robin_SAS build --build-base /home/uiabot/ros2_ws/build/robin_SAS/build install --record /home/uiabot/ros2_ws/build/robin_SAS/install.log --single-version-externally-managed install_data
[2.307s] Level 1:colcon.colcon_core.environment:checking '/home/uiabot/ros2_ws/install/robin_SAS' for CMake config files
[2.307s] Level 1:colcon.colcon_core.environment:checking '/home/uiabot/ros2_ws/install/robin_SAS/lib'
[2.307s] Level 1:colcon.colcon_core.environment:checking '/home/uiabot/ros2_ws/install/robin_SAS/bin'
[2.307s] Level 1:colcon.colcon_core.environment:checking '/home/uiabot/ros2_ws/install/robin_SAS/lib/pkgconfig/robin_SAS.pc'
[2.308s] Level 1:colcon.colcon_core.environment:checking '/home/uiabot/ros2_ws/install/robin_SAS/lib/python3.12/site-packages'
[2.308s] Level 1:colcon.colcon_core.shell:create_environment_hook('robin_SAS', 'pythonpath')
[2.308s] INFO:colcon.colcon_core.shell:Creating environment hook '/home/uiabot/ros2_ws/install/robin_SAS/share/robin_SAS/hook/pythonpath.ps1'
[2.309s] INFO:colcon.colcon_core.shell:Creating environment descriptor '/home/uiabot/ros2_ws/install/robin_SAS/share/robin_SAS/hook/pythonpath.dsv'
[2.310s] INFO:colcon.colcon_core.shell:Creating environment hook '/home/uiabot/ros2_ws/install/robin_SAS/share/robin_SAS/hook/pythonpath.sh'
[2.311s] Level 1:colcon.colcon_core.environment:checking '/home/uiabot/ros2_ws/install/robin_SAS/bin'
[2.311s] Level 1:colcon.colcon_core.environment:create_environment_scripts_only(robin_SAS)
[2.311s] INFO:colcon.colcon_core.shell:Creating package script '/home/uiabot/ros2_ws/install/robin_SAS/share/robin_SAS/package.ps1'
[2.312s] INFO:colcon.colcon_core.shell:Creating package descriptor '/home/uiabot/ros2_ws/install/robin_SAS/share/robin_SAS/package.dsv'
[2.312s] INFO:colcon.colcon_core.shell:Creating package script '/home/uiabot/ros2_ws/install/robin_SAS/share/robin_SAS/package.sh'
[2.313s] INFO:colcon.colcon_core.shell:Creating package script '/home/uiabot/ros2_ws/install/robin_SAS/share/robin_SAS/package.bash'
[2.314s] INFO:colcon.colcon_core.shell:Creating package script '/home/uiabot/ros2_ws/install/robin_SAS/share/robin_SAS/package.zsh'
[2.315s] Level 1:colcon.colcon_core.environment:create_file_with_runtime_dependencies(/home/uiabot/ros2_ws/install/robin_SAS/share/colcon-core/packages/robin_SAS)
[2.315s] DEBUG:colcon.colcon_parallel_executor.executor.parallel:closing loop
[2.315s] DEBUG:colcon.colcon_parallel_executor.executor.parallel:loop closed
[2.316s] DEBUG:colcon.colcon_parallel_executor.executor.parallel:run_until_complete finished with '0'
[2.316s] DEBUG:colcon.colcon_core.event_reactor:joining thread
[2.324s] INFO:colcon.colcon_core.plugin_system:Skipping extension 'colcon_notification.desktop_notification.terminal_notifier': Not used on non-Darwin systems
[2.324s] INFO:colcon.colcon_core.plugin_system:Skipping extension 'colcon_notification.desktop_notification.win32': Not used on non-Windows systems
[2.324s] INFO:colcon.colcon_notification.desktop_notification:Sending desktop notification using 'notify2'
[2.326s] DEBUG:colcon.colcon_notification.desktop_notification.notify2:Failed to initialize notify2: org.freedesktop.DBus.Error.ServiceUnknown: The name org.freedesktop.Notifications was not provided by any .service files
[2.326s] DEBUG:colcon.colcon_core.event_reactor:joined thread
[2.326s] INFO:colcon.colcon_core.shell:Creating prefix script '/home/uiabot/ros2_ws/install/local_setup.ps1'
[2.327s] INFO:colcon.colcon_core.shell:Creating prefix util module '/home/uiabot/ros2_ws/install/_local_setup_util_ps1.py'
[2.329s] INFO:colcon.colcon_core.shell:Creating prefix chain script '/home/uiabot/ros2_ws/install/setup.ps1'
[2.330s] INFO:colcon.colcon_core.shell:Creating prefix script '/home/uiabot/ros2_ws/install/local_setup.sh'
[2.331s] INFO:colcon.colcon_core.shell:Creating prefix util module '/home/uiabot/ros2_ws/install/_local_setup_util_sh.py'
[2.332s] INFO:colcon.colcon_core.shell:Creating prefix chain script '/home/uiabot/ros2_ws/install/setup.sh'
[2.334s] INFO:colcon.colcon_core.shell:Creating prefix script '/home/uiabot/ros2_ws/install/local_setup.bash'
[2.335s] INFO:colcon.colcon_core.shell:Creating prefix chain script '/home/uiabot/ros2_ws/install/setup.bash'
[2.336s] INFO:colcon.colcon_core.shell:Creating prefix script '/home/uiabot/ros2_ws/install/local_setup.zsh'
[2.337s] INFO:colcon.colcon_core.shell:Creating prefix chain script '/home/uiabot/ros2_ws/install/setup.zsh'
