running egg_info
writing ../../build/robin_SAS/robin_SAS.egg-info/PKG-INFO
writing dependency_links to ../../build/robin_SAS/robin_SAS.egg-info/dependency_links.txt
writing entry points to ../../build/robin_SAS/robin_SAS.egg-info/entry_points.txt
writing requirements to ../../build/robin_SAS/robin_SAS.egg-info/requires.txt
writing top-level names to ../../build/robin_SAS/robin_SAS.egg-info/top_level.txt
reading manifest file '../../build/robin_SAS/robin_SAS.egg-info/SOURCES.txt'
writing manifest file '../../build/robin_SAS/robin_SAS.egg-info/SOURCES.txt'
running build
running build_py
running install
running install_lib
running install_data
copying launch/robot_launch.py -> /home/uiabot/ros2_ws/install/robin_SAS/share/robin_SAS/launch
running install_egg_info
removing '/home/uiabot/ros2_ws/install/robin_SAS/lib/python3.12/site-packages/robin_SAS-0.0.0-py3.12.egg-info' (and everything under it)
Copying ../../build/robin_SAS/robin_SAS.egg-info to /home/uiabot/ros2_ws/install/robin_SAS/lib/python3.12/site-packages/robin_SAS-0.0.0-py3.12.egg-info
running install_scripts
Installing joint_state_publisher script to /home/uiabot/ros2_ws/install/robin_SAS/lib/robin_SAS
Installing teleop_to_serial script to /home/uiabot/ros2_ws/install/robin_SAS/lib/robin_SAS
writing list of installed files to '/home/uiabot/ros2_ws/build/robin_SAS/install.log'
