/home/asle/mas515v2/install/odometry/lib/python3.12/site-packages/odometry/odometry_publisher666.py
/home/asle/mas515v2/install/odometry/lib/python3.12/site-packages/odometry/odometry_publisher.py
/home/asle/mas515v2/install/odometry/lib/python3.12/site-packages/odometry/odometry_publisherv3.py
/home/asle/mas515v2/install/odometry/lib/python3.12/site-packages/odometry/odometry_publisherv2.py
/home/asle/mas515v2/install/odometry/lib/python3.12/site-packages/odometry/odometry_publisher888.py
/home/asle/mas515v2/install/odometry/lib/python3.12/site-packages/odometry/velocity_publisher.py
/home/asle/mas515v2/install/odometry/lib/python3.12/site-packages/odometry/__init__.py
/home/asle/mas515v2/install/odometry/lib/python3.12/site-packages/odometry/odometry_publisher copy.py
/home/asle/mas515v2/install/odometry/lib/python3.12/site-packages/odometry/odometry_publisher999.py
/home/asle/mas515v2/install/odometry/lib/python3.12/site-packages/odometry/odometry_publisherCurrent.py
/home/asle/mas515v2/install/odometry/lib/python3.12/site-packages/odometry/odometry_publisher101010.py
/home/asle/mas515v2/install/odometry/lib/python3.12/site-packages/odometry/odometry_publisher6667.py
/home/asle/mas515v2/install/odometry/lib/python3.12/site-packages/odometry/odometry_publisher333.py
/home/asle/mas515v2/install/odometry/lib/python3.12/site-packages/odometry/odometry_publisher copy 2.py
/home/asle/mas515v2/install/odometry/lib/python3.12/site-packages/odometry/__pycache__/odometry_publisher666.cpython-312.pyc
/home/asle/mas515v2/install/odometry/lib/python3.12/site-packages/odometry/__pycache__/odometry_publisher.cpython-312.pyc
/home/asle/mas515v2/install/odometry/lib/python3.12/site-packages/odometry/__pycache__/odometry_publisherv3.cpython-312.pyc
/home/asle/mas515v2/install/odometry/lib/python3.12/site-packages/odometry/__pycache__/odometry_publisherv2.cpython-312.pyc
/home/asle/mas515v2/install/odometry/lib/python3.12/site-packages/odometry/__pycache__/odometry_publisher888.cpython-312.pyc
/home/asle/mas515v2/install/odometry/lib/python3.12/site-packages/odometry/__pycache__/velocity_publisher.cpython-312.pyc
/home/asle/mas515v2/install/odometry/lib/python3.12/site-packages/odometry/__pycache__/__init__.cpython-312.pyc
/home/asle/mas515v2/install/odometry/lib/python3.12/site-packages/odometry/__pycache__/odometry_publisher copy.cpython-312.pyc
/home/asle/mas515v2/install/odometry/lib/python3.12/site-packages/odometry/__pycache__/odometry_publisher999.cpython-312.pyc
/home/asle/mas515v2/install/odometry/lib/python3.12/site-packages/odometry/__pycache__/odometry_publisherCurrent.cpython-312.pyc
/home/asle/mas515v2/install/odometry/lib/python3.12/site-packages/odometry/__pycache__/odometry_publisher101010.cpython-312.pyc
/home/asle/mas515v2/install/odometry/lib/python3.12/site-packages/odometry/__pycache__/odometry_publisher6667.cpython-312.pyc
/home/asle/mas515v2/install/odometry/lib/python3.12/site-packages/odometry/__pycache__/odometry_publisher333.cpython-312.pyc
/home/asle/mas515v2/install/odometry/lib/python3.12/site-packages/odometry/__pycache__/odometry_publisher copy 2.cpython-312.pyc
/home/asle/mas515v2/install/odometry/share/ament_index/resource_index/packages/odometry
/home/asle/mas515v2/install/odometry/share/odometry/package.xml
/home/asle/mas515v2/install/odometry/lib/python3.12/site-packages/odometry-0.0.0-py3.12.egg-info/dependency_links.txt
/home/asle/mas515v2/install/odometry/lib/python3.12/site-packages/odometry-0.0.0-py3.12.egg-info/SOURCES.txt
/home/asle/mas515v2/install/odometry/lib/python3.12/site-packages/odometry-0.0.0-py3.12.egg-info/requires.txt
/home/asle/mas515v2/install/odometry/lib/python3.12/site-packages/odometry-0.0.0-py3.12.egg-info/PKG-INFO
/home/asle/mas515v2/install/odometry/lib/python3.12/site-packages/odometry-0.0.0-py3.12.egg-info/zip-safe
/home/asle/mas515v2/install/odometry/lib/python3.12/site-packages/odometry-0.0.0-py3.12.egg-info/entry_points.txt
/home/asle/mas515v2/install/odometry/lib/python3.12/site-packages/odometry-0.0.0-py3.12.egg-info/top_level.txt
/home/asle/mas515v2/install/odometry/lib/odometry/odometry_publisher
