[3.636s] Invoking command in '/home/entho/ros2_ws/MAS514_H24_group3/src/mas515/src/odometry': DEBUGINFOD_URLS=https://debuginfod.ubuntu.com PYTHONPATH=/home/entho/ros2_ws/MAS514_H24_group3/src/mas515/build/odometry/prefix_override:/usr/lib/python3/dist-packages/colcon_core/task/python/colcon_distutils_commands:/home/entho/ros2_ws/MAS514_H24_group3/src/mas515/install/odometry/lib/python3.12/site-packages:${PYTHONPATH} /usr/bin/python3 -W ignore:setup.py install is deprecated setup.py egg_info --egg-base ../../build/odometry build --build-base /home/entho/ros2_ws/MAS514_H24_group3/src/mas515/build/odometry/build install --record /home/entho/ros2_ws/MAS514_H24_group3/src/mas515/build/odometry/install.log --single-version-externally-managed install_data
[4.262s] running egg_info
[4.306s] writing ../../build/odometry/odometry.egg-info/PKG-INFO
[4.312s] writing dependency_links to ../../build/odometry/odometry.egg-info/dependency_links.txt
[4.314s] writing entry points to ../../build/odometry/odometry.egg-info/entry_points.txt
[4.317s] writing requirements to ../../build/odometry/odometry.egg-info/requires.txt
[4.317s] writing top-level names to ../../build/odometry/odometry.egg-info/top_level.txt
[4.372s] reading manifest file '../../build/odometry/odometry.egg-info/SOURCES.txt'
[4.386s] writing manifest file '../../build/odometry/odometry.egg-info/SOURCES.txt'
[4.388s] running build
[4.388s] running build_py
[4.392s] copying odometry/odometry_publisher.py -> /home/entho/ros2_ws/MAS514_H24_group3/src/mas515/build/odometry/build/lib/odometry
[4.394s] running install
[4.408s] running install_lib
[4.473s] copying /home/entho/ros2_ws/MAS514_H24_group3/src/mas515/build/odometry/build/lib/odometry/odometry_publisher.py -> /home/entho/ros2_ws/MAS514_H24_group3/src/mas515/install/odometry/lib/python3.12/site-packages/odometry
[4.475s] byte-compiling /home/entho/ros2_ws/MAS514_H24_group3/src/mas515/install/odometry/lib/python3.12/site-packages/odometry/odometry_publisher.py to odometry_publisher.cpython-312.pyc
[4.484s] running install_data
[4.508s] running install_egg_info
[4.552s] removing '/home/entho/ros2_ws/MAS514_H24_group3/src/mas515/install/odometry/lib/python3.12/site-packages/odometry-0.0.0-py3.12.egg-info' (and everything under it)
[4.553s] Copying ../../build/odometry/odometry.egg-info to /home/entho/ros2_ws/MAS514_H24_group3/src/mas515/install/odometry/lib/python3.12/site-packages/odometry-0.0.0-py3.12.egg-info
[4.556s] running install_scripts
[4.817s] Installing odometry_publisher script to /home/entho/ros2_ws/MAS514_H24_group3/src/mas515/install/odometry/lib/odometry
[4.841s] writing list of installed files to '/home/entho/ros2_ws/MAS514_H24_group3/src/mas515/build/odometry/install.log'
[4.904s] Invoked command in '/home/entho/ros2_ws/MAS514_H24_group3/src/mas515/src/odometry' returned '0': DEBUGINFOD_URLS=https://debuginfod.ubuntu.com PYTHONPATH=/home/entho/ros2_ws/MAS514_H24_group3/src/mas515/build/odometry/prefix_override:/usr/lib/python3/dist-packages/colcon_core/task/python/colcon_distutils_commands:/home/entho/ros2_ws/MAS514_H24_group3/src/mas515/install/odometry/lib/python3.12/site-packages:${PYTHONPATH} /usr/bin/python3 -W ignore:setup.py install is deprecated setup.py egg_info --egg-base ../../build/odometry build --build-base /home/entho/ros2_ws/MAS514_H24_group3/src/mas515/build/odometry/build install --record /home/entho/ros2_ws/MAS514_H24_group3/src/mas515/build/odometry/install.log --single-version-externally-managed install_data
