/home/uiabot/ros2_ws/install/robin_SAS/lib/python3.12/site-packages/robin_SAS/__init__.py
/home/uiabot/ros2_ws/install/robin_SAS/lib/python3.12/site-packages/robin_SAS/teleop_to_serial.py
/home/uiabot/ros2_ws/install/robin_SAS/lib/python3.12/site-packages/robin_SAS/joint_state_publisher.py
/home/uiabot/ros2_ws/install/robin_SAS/lib/python3.12/site-packages/robin_SAS/imu_tf_broadcaster.py
/home/uiabot/ros2_ws/install/robin_SAS/lib/python3.12/site-packages/robin_SAS/SubAndSerial.py
/home/uiabot/ros2_ws/install/robin_SAS/lib/python3.12/site-packages/robin_SAS/__pycache__/__init__.cpython-312.pyc
/home/uiabot/ros2_ws/install/robin_SAS/lib/python3.12/site-packages/robin_SAS/__pycache__/teleop_to_serial.cpython-312.pyc
/home/uiabot/ros2_ws/install/robin_SAS/lib/python3.12/site-packages/robin_SAS/__pycache__/joint_state_publisher.cpython-312.pyc
/home/uiabot/ros2_ws/install/robin_SAS/lib/python3.12/site-packages/robin_SAS/__pycache__/imu_tf_broadcaster.cpython-312.pyc
/home/uiabot/ros2_ws/install/robin_SAS/lib/python3.12/site-packages/robin_SAS/__pycache__/SubAndSerial.cpython-312.pyc
/home/uiabot/ros2_ws/install/robin_SAS/share/ament_index/resource_index/packages/robin_SAS
/home/uiabot/ros2_ws/install/robin_SAS/share/robin_SAS/package.xml
/home/uiabot/ros2_ws/install/robin_SAS/share/robin_SAS/launch/robot_launch.py
/home/uiabot/ros2_ws/install/robin_SAS/share/robin_SAS/urdf/my_robot.urdf
/home/uiabot/ros2_ws/install/robin_SAS/lib/python3.12/site-packages/robin_SAS-0.0.0-py3.12.egg-info/SOURCES.txt
/home/uiabot/ros2_ws/install/robin_SAS/lib/python3.12/site-packages/robin_SAS-0.0.0-py3.12.egg-info/dependency_links.txt
/home/uiabot/ros2_ws/install/robin_SAS/lib/python3.12/site-packages/robin_SAS-0.0.0-py3.12.egg-info/entry_points.txt
/home/uiabot/ros2_ws/install/robin_SAS/lib/python3.12/site-packages/robin_SAS-0.0.0-py3.12.egg-info/PKG-INFO
/home/uiabot/ros2_ws/install/robin_SAS/lib/python3.12/site-packages/robin_SAS-0.0.0-py3.12.egg-info/requires.txt
/home/uiabot/ros2_ws/install/robin_SAS/lib/python3.12/site-packages/robin_SAS-0.0.0-py3.12.egg-info/zip-safe
/home/uiabot/ros2_ws/install/robin_SAS/lib/python3.12/site-packages/robin_SAS-0.0.0-py3.12.egg-info/top_level.txt
/home/uiabot/ros2_ws/install/robin_SAS/lib/robin_SAS/joint_state_publisher
/home/uiabot/ros2_ws/install/robin_SAS/lib/robin_SAS/teleop_to_serial
