[0.437s] DEBUG:colcon:Command line arguments: ['/usr/bin/colcon', 'build']
[0.437s] DEBUG:colcon:Parsed command line arguments: Namespace(log_base=None, log_level=None, verb_name='build', build_base='build', install_base='install', merge_install=False, symlink_install=False, test_result_base=None, continue_on_error=False, executor='parallel', parallel_workers=1, event_handlers=None, ignore_user_meta=False, metas=['./colcon.meta'], base_paths=['.'], packages_ignore=None, packages_ignore_regex=None, paths=None, packages_up_to=None, packages_up_to_regex=None, packages_above=None, packages_above_and_dependencies=None, packages_above_depth=None, packages_select_by_dep=None, packages_skip_by_dep=None, packages_skip_up_to=None, packages_select_build_failed=False, packages_skip_build_finished=False, packages_select_test_failures=False, packages_skip_test_passed=False, packages_select=None, packages_skip=None, packages_select_regex=None, packages_skip_regex=None, packages_start=None, packages_end=None, allow_overriding=[], cmake_args=None, cmake_target=None, cmake_target_skip_unavailable=False, cmake_clean_cache=False, cmake_clean_first=False, cmake_force_configure=False, ament_cmake_args=None, catkin_cmake_args=None, catkin_skip_building_tests=False, verb_parser=<colcon_defaults.argument_parser.defaults.DefaultArgumentsDecorator object at 0x77abe5243ef0>, verb_extension=<colcon_core.verb.build.BuildVerb object at 0x77abe5243d40>, main=<bound method BuildVerb.main of <colcon_core.verb.build.BuildVerb object at 0x77abe5243d40>>)
[0.656s] Level 1:colcon.colcon_core.package_discovery:discover_packages(colcon_meta) check parameters
[0.657s] Level 1:colcon.colcon_core.package_discovery:discover_packages(recursive) check parameters
[0.657s] Level 1:colcon.colcon_core.package_discovery:discover_packages(ignore) check parameters
[0.657s] Level 1:colcon.colcon_core.package_discovery:discover_packages(path) check parameters
[0.657s] Level 1:colcon.colcon_core.package_discovery:discover_packages(colcon_meta) discover
[0.657s] Level 1:colcon.colcon_core.package_discovery:discover_packages(recursive) discover
[0.657s] INFO:colcon.colcon_core.package_discovery:Crawling recursively for packages in '/home/entho/ros2_ws/MAS514_H24_group3/src/mas515'
[0.657s] Level 1:colcon.colcon_core.package_identification:_identify(.) by extensions ['ignore', 'ignore_ament_install']
[0.657s] Level 1:colcon.colcon_core.package_identification:_identify(.) by extension 'ignore'
[0.657s] Level 1:colcon.colcon_core.package_identification:_identify(.) by extension 'ignore_ament_install'
[0.657s] Level 1:colcon.colcon_core.package_identification:_identify(.) by extensions ['colcon_pkg']
[0.658s] Level 1:colcon.colcon_core.package_identification:_identify(.) by extension 'colcon_pkg'
[0.658s] Level 1:colcon.colcon_core.package_identification:_identify(.) by extensions ['colcon_meta']
[0.658s] Level 1:colcon.colcon_core.package_identification:_identify(.) by extension 'colcon_meta'
[0.658s] Level 1:colcon.colcon_core.package_identification:_identify(.) by extensions ['ros']
[0.658s] Level 1:colcon.colcon_core.package_identification:_identify(.) by extension 'ros'
[0.741s] Level 1:colcon.colcon_core.package_identification:_identify(.) by extensions ['cmake', 'python']
[0.741s] Level 1:colcon.colcon_core.package_identification:_identify(.) by extension 'cmake'
[0.741s] Level 1:colcon.colcon_core.package_identification:_identify(.) by extension 'python'
[0.741s] Level 1:colcon.colcon_core.package_identification:_identify(.) by extensions ['python_setup_py']
[0.741s] Level 1:colcon.colcon_core.package_identification:_identify(.) by extension 'python_setup_py'
[0.741s] Level 1:colcon.colcon_core.package_identification:_identify(build) by extensions ['ignore', 'ignore_ament_install']
[0.741s] Level 1:colcon.colcon_core.package_identification:_identify(build) by extension 'ignore'
[0.742s] Level 1:colcon.colcon_core.package_identification:_identify(build) ignored
[0.742s] Level 1:colcon.colcon_core.package_identification:_identify(install) by extensions ['ignore', 'ignore_ament_install']
[0.742s] Level 1:colcon.colcon_core.package_identification:_identify(install) by extension 'ignore'
[0.742s] Level 1:colcon.colcon_core.package_identification:_identify(install) ignored
[0.742s] Level 1:colcon.colcon_core.package_identification:_identify(log) by extensions ['ignore', 'ignore_ament_install']
[0.742s] Level 1:colcon.colcon_core.package_identification:_identify(log) by extension 'ignore'
[0.742s] Level 1:colcon.colcon_core.package_identification:_identify(log) ignored
[0.742s] Level 1:colcon.colcon_core.package_identification:_identify(src) by extensions ['ignore', 'ignore_ament_install']
[0.742s] Level 1:colcon.colcon_core.package_identification:_identify(src) by extension 'ignore'
[0.742s] Level 1:colcon.colcon_core.package_identification:_identify(src) by extension 'ignore_ament_install'
[0.742s] Level 1:colcon.colcon_core.package_identification:_identify(src) by extensions ['colcon_pkg']
[0.742s] Level 1:colcon.colcon_core.package_identification:_identify(src) by extension 'colcon_pkg'
[0.742s] Level 1:colcon.colcon_core.package_identification:_identify(src) by extensions ['colcon_meta']
[0.742s] Level 1:colcon.colcon_core.package_identification:_identify(src) by extension 'colcon_meta'
[0.742s] Level 1:colcon.colcon_core.package_identification:_identify(src) by extensions ['ros']
[0.742s] Level 1:colcon.colcon_core.package_identification:_identify(src) by extension 'ros'
[0.743s] Level 1:colcon.colcon_core.package_identification:_identify(src) by extensions ['cmake', 'python']
[0.743s] Level 1:colcon.colcon_core.package_identification:_identify(src) by extension 'cmake'
[0.743s] Level 1:colcon.colcon_core.package_identification:_identify(src) by extension 'python'
[0.743s] Level 1:colcon.colcon_core.package_identification:_identify(src) by extensions ['python_setup_py']
[0.743s] Level 1:colcon.colcon_core.package_identification:_identify(src) by extension 'python_setup_py'
[0.743s] Level 1:colcon.colcon_core.package_identification:_identify(src/odometry) by extensions ['ignore', 'ignore_ament_install']
[0.743s] Level 1:colcon.colcon_core.package_identification:_identify(src/odometry) by extension 'ignore'
[0.743s] Level 1:colcon.colcon_core.package_identification:_identify(src/odometry) by extension 'ignore_ament_install'
[0.743s] Level 1:colcon.colcon_core.package_identification:_identify(src/odometry) by extensions ['colcon_pkg']
[0.743s] Level 1:colcon.colcon_core.package_identification:_identify(src/odometry) by extension 'colcon_pkg'
[0.743s] Level 1:colcon.colcon_core.package_identification:_identify(src/odometry) by extensions ['colcon_meta']
[0.743s] Level 1:colcon.colcon_core.package_identification:_identify(src/odometry) by extension 'colcon_meta'
[0.743s] Level 1:colcon.colcon_core.package_identification:_identify(src/odometry) by extensions ['ros']
[0.743s] Level 1:colcon.colcon_core.package_identification:_identify(src/odometry) by extension 'ros'
[0.754s] DEBUG:colcon.colcon_core.package_identification:Package 'src/odometry' with type 'ros.ament_python' and name 'odometry'
[0.754s] Level 1:colcon.colcon_core.package_identification:_identify(src/robot_description) by extensions ['ignore', 'ignore_ament_install']
[0.754s] Level 1:colcon.colcon_core.package_identification:_identify(src/robot_description) by extension 'ignore'
[0.754s] Level 1:colcon.colcon_core.package_identification:_identify(src/robot_description) by extension 'ignore_ament_install'
[0.754s] Level 1:colcon.colcon_core.package_identification:_identify(src/robot_description) by extensions ['colcon_pkg']
[0.754s] Level 1:colcon.colcon_core.package_identification:_identify(src/robot_description) by extension 'colcon_pkg'
[0.754s] Level 1:colcon.colcon_core.package_identification:_identify(src/robot_description) by extensions ['colcon_meta']
[0.754s] Level 1:colcon.colcon_core.package_identification:_identify(src/robot_description) by extension 'colcon_meta'
[0.754s] Level 1:colcon.colcon_core.package_identification:_identify(src/robot_description) by extensions ['ros']
[0.754s] Level 1:colcon.colcon_core.package_identification:_identify(src/robot_description) by extension 'ros'
[0.756s] DEBUG:colcon.colcon_core.package_identification:Package 'src/robot_description' with type 'ros.ament_cmake' and name 'robot_description'
[0.756s] Level 1:colcon.colcon_core.package_discovery:discover_packages(recursive) using defaults
[0.756s] Level 1:colcon.colcon_core.package_discovery:discover_packages(ignore) discover
[0.756s] Level 1:colcon.colcon_core.package_discovery:discover_packages(ignore) using defaults
[0.756s] Level 1:colcon.colcon_core.package_discovery:discover_packages(path) discover
[0.756s] Level 1:colcon.colcon_core.package_discovery:discover_packages(path) using defaults
[0.819s] Level 1:colcon.colcon_core.package_discovery:discover_packages(prefix_path) check parameters
[0.819s] Level 1:colcon.colcon_core.package_discovery:discover_packages(prefix_path) discover
[0.829s] DEBUG:colcon.colcon_installed_package_information.package_discovery:Found 296 installed packages in /opt/ros/jazzy
[0.831s] Level 1:colcon.colcon_core.package_discovery:discover_packages(prefix_path) using defaults
[0.915s] Level 5:colcon.colcon_core.verb:set package 'odometry' build argument 'cmake_args' from command line to 'None'
[0.915s] Level 5:colcon.colcon_core.verb:set package 'odometry' build argument 'cmake_target' from command line to 'None'
[0.915s] Level 5:colcon.colcon_core.verb:set package 'odometry' build argument 'cmake_target_skip_unavailable' from command line to 'False'
[0.915s] Level 5:colcon.colcon_core.verb:set package 'odometry' build argument 'cmake_clean_cache' from command line to 'False'
[0.915s] Level 5:colcon.colcon_core.verb:set package 'odometry' build argument 'cmake_clean_first' from command line to 'False'
[0.915s] Level 5:colcon.colcon_core.verb:set package 'odometry' build argument 'cmake_force_configure' from command line to 'False'
[0.915s] Level 5:colcon.colcon_core.verb:set package 'odometry' build argument 'ament_cmake_args' from command line to 'None'
[0.915s] Level 5:colcon.colcon_core.verb:set package 'odometry' build argument 'catkin_cmake_args' from command line to 'None'
[0.915s] Level 5:colcon.colcon_core.verb:set package 'odometry' build argument 'catkin_skip_building_tests' from command line to 'False'
[0.915s] DEBUG:colcon.colcon_core.verb:Building package 'odometry' with the following arguments: {'ament_cmake_args': None, 'build_base': '/home/entho/ros2_ws/MAS514_H24_group3/src/mas515/build/odometry', 'catkin_cmake_args': None, 'catkin_skip_building_tests': False, 'cmake_args': None, 'cmake_clean_cache': False, 'cmake_clean_first': False, 'cmake_force_configure': False, 'cmake_target': None, 'cmake_target_skip_unavailable': False, 'install_base': '/home/entho/ros2_ws/MAS514_H24_group3/src/mas515/install/odometry', 'merge_install': False, 'path': '/home/entho/ros2_ws/MAS514_H24_group3/src/mas515/src/odometry', 'symlink_install': False, 'test_result_base': None}
[0.915s] Level 5:colcon.colcon_core.verb:set package 'robot_description' build argument 'cmake_args' from command line to 'None'
[0.915s] Level 5:colcon.colcon_core.verb:set package 'robot_description' build argument 'cmake_target' from command line to 'None'
[0.916s] Level 5:colcon.colcon_core.verb:set package 'robot_description' build argument 'cmake_target_skip_unavailable' from command line to 'False'
[0.916s] Level 5:colcon.colcon_core.verb:set package 'robot_description' build argument 'cmake_clean_cache' from command line to 'False'
[0.916s] Level 5:colcon.colcon_core.verb:set package 'robot_description' build argument 'cmake_clean_first' from command line to 'False'
[0.916s] Level 5:colcon.colcon_core.verb:set package 'robot_description' build argument 'cmake_force_configure' from command line to 'False'
[0.916s] Level 5:colcon.colcon_core.verb:set package 'robot_description' build argument 'ament_cmake_args' from command line to 'None'
[0.916s] Level 5:colcon.colcon_core.verb:set package 'robot_description' build argument 'catkin_cmake_args' from command line to 'None'
[0.916s] Level 5:colcon.colcon_core.verb:set package 'robot_description' build argument 'catkin_skip_building_tests' from command line to 'False'
[0.916s] DEBUG:colcon.colcon_core.verb:Building package 'robot_description' with the following arguments: {'ament_cmake_args': None, 'build_base': '/home/entho/ros2_ws/MAS514_H24_group3/src/mas515/build/robot_description', 'catkin_cmake_args': None, 'catkin_skip_building_tests': False, 'cmake_args': None, 'cmake_clean_cache': False, 'cmake_clean_first': False, 'cmake_force_configure': False, 'cmake_target': None, 'cmake_target_skip_unavailable': False, 'install_base': '/home/entho/ros2_ws/MAS514_H24_group3/src/mas515/install/robot_description', 'merge_install': False, 'path': '/home/entho/ros2_ws/MAS514_H24_group3/src/mas515/src/robot_description', 'symlink_install': False, 'test_result_base': None}
[0.916s] INFO:colcon.colcon_core.executor:Executing jobs using 'parallel' executor
[0.922s] DEBUG:colcon.colcon_parallel_executor.executor.parallel:run_until_complete
[0.922s] INFO:colcon.colcon_ros.task.ament_python.build:Building ROS package in '/home/entho/ros2_ws/MAS514_H24_group3/src/mas515/src/odometry' with build type 'ament_python'
[0.923s] Level 1:colcon.colcon_core.shell:create_environment_hook('odometry', 'ament_prefix_path')
[0.946s] INFO:colcon.colcon_core.plugin_system:Skipping extension 'colcon_core.shell.bat': Not used on non-Windows systems
[0.946s] INFO:colcon.colcon_core.shell:Creating environment hook '/home/entho/ros2_ws/MAS514_H24_group3/src/mas515/install/odometry/share/odometry/hook/ament_prefix_path.ps1'
[0.954s] INFO:colcon.colcon_core.shell:Creating environment descriptor '/home/entho/ros2_ws/MAS514_H24_group3/src/mas515/install/odometry/share/odometry/hook/ament_prefix_path.dsv'
[0.955s] INFO:colcon.colcon_core.shell:Creating environment hook '/home/entho/ros2_ws/MAS514_H24_group3/src/mas515/install/odometry/share/odometry/hook/ament_prefix_path.sh'
[0.963s] INFO:colcon.colcon_core.shell:Skip shell extension 'powershell' for command environment: Not usable outside of PowerShell
[0.963s] DEBUG:colcon.colcon_core.shell:Skip shell extension 'dsv' for command environment
[1.764s] INFO:colcon.colcon_core.task.python.build:Building Python package in '/home/entho/ros2_ws/MAS514_H24_group3/src/mas515/src/odometry'
[1.764s] INFO:colcon.colcon_core.shell:Skip shell extension 'powershell' for command environment: Not usable outside of PowerShell
[1.764s] DEBUG:colcon.colcon_core.shell:Skip shell extension 'dsv' for command environment
[4.559s] DEBUG:colcon.colcon_core.event_handler.log_command:Invoking command in '/home/entho/ros2_ws/MAS514_H24_group3/src/mas515/src/odometry': DEBUGINFOD_URLS=https://debuginfod.ubuntu.com PYTHONPATH=/home/entho/ros2_ws/MAS514_H24_group3/src/mas515/build/odometry/prefix_override:/usr/lib/python3/dist-packages/colcon_core/task/python/colcon_distutils_commands:/home/entho/ros2_ws/MAS514_H24_group3/src/mas515/install/odometry/lib/python3.12/site-packages:${PYTHONPATH} /usr/bin/python3 -W ignore:setup.py install is deprecated setup.py egg_info --egg-base ../../build/odometry build --build-base /home/entho/ros2_ws/MAS514_H24_group3/src/mas515/build/odometry/build install --record /home/entho/ros2_ws/MAS514_H24_group3/src/mas515/build/odometry/install.log --single-version-externally-managed install_data
[5.827s] DEBUG:colcon.colcon_core.event_handler.log_command:Invoked command in '/home/entho/ros2_ws/MAS514_H24_group3/src/mas515/src/odometry' returned '0': DEBUGINFOD_URLS=https://debuginfod.ubuntu.com PYTHONPATH=/home/entho/ros2_ws/MAS514_H24_group3/src/mas515/build/odometry/prefix_override:/usr/lib/python3/dist-packages/colcon_core/task/python/colcon_distutils_commands:/home/entho/ros2_ws/MAS514_H24_group3/src/mas515/install/odometry/lib/python3.12/site-packages:${PYTHONPATH} /usr/bin/python3 -W ignore:setup.py install is deprecated setup.py egg_info --egg-base ../../build/odometry build --build-base /home/entho/ros2_ws/MAS514_H24_group3/src/mas515/build/odometry/build install --record /home/entho/ros2_ws/MAS514_H24_group3/src/mas515/build/odometry/install.log --single-version-externally-managed install_data
[5.855s] Level 1:colcon.colcon_core.environment:checking '/home/entho/ros2_ws/MAS514_H24_group3/src/mas515/install/odometry' for CMake module files
[5.855s] Level 1:colcon.colcon_core.environment:checking '/home/entho/ros2_ws/MAS514_H24_group3/src/mas515/install/odometry' for CMake config files
[5.864s] Level 1:colcon.colcon_core.environment:checking '/home/entho/ros2_ws/MAS514_H24_group3/src/mas515/install/odometry/lib'
[5.865s] Level 1:colcon.colcon_core.environment:checking '/home/entho/ros2_ws/MAS514_H24_group3/src/mas515/install/odometry/bin'
[5.865s] Level 1:colcon.colcon_core.environment:checking '/home/entho/ros2_ws/MAS514_H24_group3/src/mas515/install/odometry/lib/pkgconfig/odometry.pc'
[5.865s] Level 1:colcon.colcon_core.environment:checking '/home/entho/ros2_ws/MAS514_H24_group3/src/mas515/install/odometry/lib/python3.12/site-packages'
[5.865s] Level 1:colcon.colcon_core.shell:create_environment_hook('odometry', 'pythonpath')
[5.866s] INFO:colcon.colcon_core.shell:Creating environment hook '/home/entho/ros2_ws/MAS514_H24_group3/src/mas515/install/odometry/share/odometry/hook/pythonpath.ps1'
[5.867s] INFO:colcon.colcon_core.shell:Creating environment descriptor '/home/entho/ros2_ws/MAS514_H24_group3/src/mas515/install/odometry/share/odometry/hook/pythonpath.dsv'
[5.877s] INFO:colcon.colcon_core.shell:Creating environment hook '/home/entho/ros2_ws/MAS514_H24_group3/src/mas515/install/odometry/share/odometry/hook/pythonpath.sh'
[5.881s] Level 1:colcon.colcon_core.environment:checking '/home/entho/ros2_ws/MAS514_H24_group3/src/mas515/install/odometry/bin'
[5.881s] Level 1:colcon.colcon_core.environment:create_environment_scripts_only(odometry)
[5.881s] INFO:colcon.colcon_core.shell:Creating package script '/home/entho/ros2_ws/MAS514_H24_group3/src/mas515/install/odometry/share/odometry/package.ps1'
[5.884s] INFO:colcon.colcon_core.shell:Creating package descriptor '/home/entho/ros2_ws/MAS514_H24_group3/src/mas515/install/odometry/share/odometry/package.dsv'
[5.888s] INFO:colcon.colcon_core.shell:Creating package script '/home/entho/ros2_ws/MAS514_H24_group3/src/mas515/install/odometry/share/odometry/package.sh'
[5.896s] INFO:colcon.colcon_core.shell:Creating package script '/home/entho/ros2_ws/MAS514_H24_group3/src/mas515/install/odometry/share/odometry/package.bash'
[5.900s] INFO:colcon.colcon_core.shell:Creating package script '/home/entho/ros2_ws/MAS514_H24_group3/src/mas515/install/odometry/share/odometry/package.zsh'
[5.903s] Level 1:colcon.colcon_core.environment:create_file_with_runtime_dependencies(/home/entho/ros2_ws/MAS514_H24_group3/src/mas515/install/odometry/share/colcon-core/packages/odometry)
[5.917s] INFO:colcon.colcon_ros.task.ament_cmake.build:Building ROS package in '/home/entho/ros2_ws/MAS514_H24_group3/src/mas515/src/robot_description' with build type 'ament_cmake'
[5.917s] INFO:colcon.colcon_cmake.task.cmake.build:Building CMake package in '/home/entho/ros2_ws/MAS514_H24_group3/src/mas515/src/robot_description'
[5.917s] INFO:colcon.colcon_core.shell:Skip shell extension 'powershell' for command environment: Not usable outside of PowerShell
[5.917s] DEBUG:colcon.colcon_core.shell:Skip shell extension 'dsv' for command environment
[5.978s] DEBUG:colcon.colcon_core.event_handler.log_command:Invoking command in '/home/entho/ros2_ws/MAS514_H24_group3/src/mas515/build/robot_description': CMAKE_PREFIX_PATH=${CMAKE_PREFIX_PATH}:/opt/ros/jazzy DEBUGINFOD_URLS=https://debuginfod.ubuntu.com /usr/bin/cmake --build /home/entho/ros2_ws/MAS514_H24_group3/src/mas515/build/robot_description -- -j1 -l1
[6.310s] DEBUG:colcon.colcon_core.event_handler.log_command:Invoked command in '/home/entho/ros2_ws/MAS514_H24_group3/src/mas515/build/robot_description' returned '0': CMAKE_PREFIX_PATH=${CMAKE_PREFIX_PATH}:/opt/ros/jazzy DEBUGINFOD_URLS=https://debuginfod.ubuntu.com /usr/bin/cmake --build /home/entho/ros2_ws/MAS514_H24_group3/src/mas515/build/robot_description -- -j1 -l1
[6.540s] DEBUG:colcon.colcon_core.event_handler.log_command:Invoking command in '/home/entho/ros2_ws/MAS514_H24_group3/src/mas515/build/robot_description': CMAKE_PREFIX_PATH=${CMAKE_PREFIX_PATH}:/opt/ros/jazzy DEBUGINFOD_URLS=https://debuginfod.ubuntu.com /usr/bin/cmake --install /home/entho/ros2_ws/MAS514_H24_group3/src/mas515/build/robot_description
[6.620s] Level 1:colcon.colcon_core.environment:create_environment_scripts_only(robot_description)
[6.621s] DEBUG:colcon.colcon_core.event_handler.log_command:Invoked command in '/home/entho/ros2_ws/MAS514_H24_group3/src/mas515/build/robot_description' returned '0': CMAKE_PREFIX_PATH=${CMAKE_PREFIX_PATH}:/opt/ros/jazzy DEBUGINFOD_URLS=https://debuginfod.ubuntu.com /usr/bin/cmake --install /home/entho/ros2_ws/MAS514_H24_group3/src/mas515/build/robot_description
[6.622s] Level 1:colcon.colcon_core.environment:checking '/home/entho/ros2_ws/MAS514_H24_group3/src/mas515/install/robot_description' for CMake module files
[6.622s] Level 1:colcon.colcon_core.environment:checking '/home/entho/ros2_ws/MAS514_H24_group3/src/mas515/install/robot_description' for CMake config files
[6.624s] Level 1:colcon.colcon_core.shell:create_environment_hook('robot_description', 'cmake_prefix_path')
[6.624s] INFO:colcon.colcon_core.shell:Creating environment hook '/home/entho/ros2_ws/MAS514_H24_group3/src/mas515/install/robot_description/share/robot_description/hook/cmake_prefix_path.ps1'
[6.626s] INFO:colcon.colcon_core.shell:Creating environment descriptor '/home/entho/ros2_ws/MAS514_H24_group3/src/mas515/install/robot_description/share/robot_description/hook/cmake_prefix_path.dsv'
[6.629s] INFO:colcon.colcon_core.shell:Creating environment hook '/home/entho/ros2_ws/MAS514_H24_group3/src/mas515/install/robot_description/share/robot_description/hook/cmake_prefix_path.sh'
[6.631s] Level 1:colcon.colcon_core.environment:checking '/home/entho/ros2_ws/MAS514_H24_group3/src/mas515/install/robot_description/bin'
[6.632s] Level 1:colcon.colcon_core.environment:checking '/home/entho/ros2_ws/MAS514_H24_group3/src/mas515/install/robot_description/lib/pkgconfig/robot_description.pc'
[6.632s] Level 1:colcon.colcon_core.environment:checking '/home/entho/ros2_ws/MAS514_H24_group3/src/mas515/install/robot_description/lib/python3.12/site-packages'
[6.632s] Level 1:colcon.colcon_core.environment:checking '/home/entho/ros2_ws/MAS514_H24_group3/src/mas515/install/robot_description/bin'
[6.633s] INFO:colcon.colcon_core.shell:Creating package script '/home/entho/ros2_ws/MAS514_H24_group3/src/mas515/install/robot_description/share/robot_description/package.ps1'
[6.634s] INFO:colcon.colcon_core.shell:Creating package descriptor '/home/entho/ros2_ws/MAS514_H24_group3/src/mas515/install/robot_description/share/robot_description/package.dsv'
[6.635s] INFO:colcon.colcon_core.shell:Creating package script '/home/entho/ros2_ws/MAS514_H24_group3/src/mas515/install/robot_description/share/robot_description/package.sh'
[6.636s] INFO:colcon.colcon_core.shell:Creating package script '/home/entho/ros2_ws/MAS514_H24_group3/src/mas515/install/robot_description/share/robot_description/package.bash'
[6.641s] INFO:colcon.colcon_core.shell:Creating package script '/home/entho/ros2_ws/MAS514_H24_group3/src/mas515/install/robot_description/share/robot_description/package.zsh'
[6.643s] Level 1:colcon.colcon_core.environment:create_file_with_runtime_dependencies(/home/entho/ros2_ws/MAS514_H24_group3/src/mas515/install/robot_description/share/colcon-core/packages/robot_description)
[6.796s] Level 1:colcon.colcon_core.environment:create_environment_scripts_only(robot_description)
[6.796s] Level 1:colcon.colcon_core.environment:checking '/home/entho/ros2_ws/MAS514_H24_group3/src/mas515/install/robot_description' for CMake module files
[6.796s] Level 1:colcon.colcon_core.environment:checking '/home/entho/ros2_ws/MAS514_H24_group3/src/mas515/install/robot_description' for CMake config files
[6.797s] Level 1:colcon.colcon_core.shell:create_environment_hook('robot_description', 'cmake_prefix_path')
[6.797s] INFO:colcon.colcon_core.shell:Creating environment hook '/home/entho/ros2_ws/MAS514_H24_group3/src/mas515/install/robot_description/share/robot_description/hook/cmake_prefix_path.ps1'
[6.801s] INFO:colcon.colcon_core.shell:Creating environment descriptor '/home/entho/ros2_ws/MAS514_H24_group3/src/mas515/install/robot_description/share/robot_description/hook/cmake_prefix_path.dsv'
[6.803s] INFO:colcon.colcon_core.shell:Creating environment hook '/home/entho/ros2_ws/MAS514_H24_group3/src/mas515/install/robot_description/share/robot_description/hook/cmake_prefix_path.sh'
[6.804s] Level 1:colcon.colcon_core.environment:checking '/home/entho/ros2_ws/MAS514_H24_group3/src/mas515/install/robot_description/bin'
[6.804s] Level 1:colcon.colcon_core.environment:checking '/home/entho/ros2_ws/MAS514_H24_group3/src/mas515/install/robot_description/lib/pkgconfig/robot_description.pc'
[6.805s] Level 1:colcon.colcon_core.environment:checking '/home/entho/ros2_ws/MAS514_H24_group3/src/mas515/install/robot_description/lib/python3.12/site-packages'
[6.805s] Level 1:colcon.colcon_core.environment:checking '/home/entho/ros2_ws/MAS514_H24_group3/src/mas515/install/robot_description/bin'
[6.805s] INFO:colcon.colcon_core.shell:Creating package script '/home/entho/ros2_ws/MAS514_H24_group3/src/mas515/install/robot_description/share/robot_description/package.ps1'
[6.806s] INFO:colcon.colcon_core.shell:Creating package descriptor '/home/entho/ros2_ws/MAS514_H24_group3/src/mas515/install/robot_description/share/robot_description/package.dsv'
[6.808s] INFO:colcon.colcon_core.shell:Creating package script '/home/entho/ros2_ws/MAS514_H24_group3/src/mas515/install/robot_description/share/robot_description/package.sh'
[6.808s] INFO:colcon.colcon_core.shell:Creating package script '/home/entho/ros2_ws/MAS514_H24_group3/src/mas515/install/robot_description/share/robot_description/package.bash'
[6.810s] INFO:colcon.colcon_core.shell:Creating package script '/home/entho/ros2_ws/MAS514_H24_group3/src/mas515/install/robot_description/share/robot_description/package.zsh'
[6.811s] Level 1:colcon.colcon_core.environment:create_file_with_runtime_dependencies(/home/entho/ros2_ws/MAS514_H24_group3/src/mas515/install/robot_description/share/colcon-core/packages/robot_description)
[6.817s] DEBUG:colcon.colcon_parallel_executor.executor.parallel:closing loop
[6.817s] DEBUG:colcon.colcon_parallel_executor.executor.parallel:loop closed
[6.817s] DEBUG:colcon.colcon_parallel_executor.executor.parallel:run_until_complete finished with '0'
[6.817s] DEBUG:colcon.colcon_core.event_reactor:joining thread
[6.833s] INFO:colcon.colcon_core.plugin_system:Skipping extension 'colcon_notification.desktop_notification.terminal_notifier': Not used on non-Darwin systems
[6.833s] INFO:colcon.colcon_core.plugin_system:Skipping extension 'colcon_notification.desktop_notification.win32': Not used on non-Windows systems
[6.833s] INFO:colcon.colcon_notification.desktop_notification:Sending desktop notification using 'notify2'
[6.890s] DEBUG:colcon.colcon_core.event_reactor:joined thread
[6.890s] INFO:colcon.colcon_core.shell:Creating prefix script '/home/entho/ros2_ws/MAS514_H24_group3/src/mas515/install/local_setup.ps1'
[6.903s] INFO:colcon.colcon_core.shell:Creating prefix util module '/home/entho/ros2_ws/MAS514_H24_group3/src/mas515/install/_local_setup_util_ps1.py'
[6.906s] INFO:colcon.colcon_core.shell:Creating prefix chain script '/home/entho/ros2_ws/MAS514_H24_group3/src/mas515/install/setup.ps1'
[6.909s] INFO:colcon.colcon_core.shell:Creating prefix script '/home/entho/ros2_ws/MAS514_H24_group3/src/mas515/install/local_setup.sh'
[6.917s] INFO:colcon.colcon_core.shell:Creating prefix util module '/home/entho/ros2_ws/MAS514_H24_group3/src/mas515/install/_local_setup_util_sh.py'
[6.919s] INFO:colcon.colcon_core.shell:Creating prefix chain script '/home/entho/ros2_ws/MAS514_H24_group3/src/mas515/install/setup.sh'
[6.923s] INFO:colcon.colcon_core.shell:Creating prefix script '/home/entho/ros2_ws/MAS514_H24_group3/src/mas515/install/local_setup.bash'
[6.930s] INFO:colcon.colcon_core.shell:Creating prefix chain script '/home/entho/ros2_ws/MAS514_H24_group3/src/mas515/install/setup.bash'
[6.932s] INFO:colcon.colcon_core.shell:Creating prefix script '/home/entho/ros2_ws/MAS514_H24_group3/src/mas515/install/local_setup.zsh'
[6.939s] INFO:colcon.colcon_core.shell:Creating prefix chain script '/home/entho/ros2_ws/MAS514_H24_group3/src/mas515/install/setup.zsh'
